{"/home/mallanic/Projects/Nivuus/mqtt/src/config.ts": {"path":"/home/mallanic/Projects/Nivuus/mqtt/src/config.ts","all":false,"statementMap":{"0":{"start":{"line":1,"column":0},"end":{"line":1,"column":16}},"1":{"start":{"line":2,"column":0},"end":{"line":2,"column":0}},"2":{"start":{"line":3,"column":0},"end":{"line":3,"column":25}},"3":{"start":{"line":4,"column":0},"end":{"line":4,"column":32}},"4":{"start":{"line":5,"column":0},"end":{"line":5,"column":29}},"5":{"start":{"line":6,"column":0},"end":{"line":6,"column":55}},"6":{"start":{"line":7,"column":0},"end":{"line":7,"column":75}},"7":{"start":{"line":8,"column":0},"end":{"line":8,"column":129}},"8":{"start":{"line":9,"column":0},"end":{"line":9,"column":159}},"9":{"start":{"line":10,"column":0},"end":{"line":10,"column":90}},"10":{"start":{"line":11,"column":0},"end":{"line":11,"column":91}},"11":{"start":{"line":12,"column":0},"end":{"line":12,"column":0}},"12":{"start":{"line":13,"column":0},"end":{"line":13,"column":73}},"13":{"start":{"line":14,"column":0},"end":{"line":14,"column":0}},"14":{"start":{"line":15,"column":0},"end":{"line":15,"column":3}},"15":{"start":{"line":16,"column":0},"end":{"line":16,"column":70}},"16":{"start":{"line":17,"column":0},"end":{"line":17,"column":3}},"17":{"start":{"line":18,"column":0},"end":{"line":18,"column":21}},"18":{"start":{"line":19,"column":0},"end":{"line":19,"column":41}},"19":{"start":{"line":20,"column":0},"end":{"line":20,"column":38}},"20":{"start":{"line":21,"column":0},"end":{"line":21,"column":0}},"21":{"start":{"line":22,"column":0},"end":{"line":22,"column":65}},"22":{"start":{"line":23,"column":0},"end":{"line":23,"column":9}},"23":{"start":{"line":24,"column":0},"end":{"line":24,"column":63}},"24":{"start":{"line":25,"column":0},"end":{"line":25,"column":82}},"25":{"start":{"line":26,"column":0},"end":{"line":26,"column":84}},"26":{"start":{"line":27,"column":0},"end":{"line":27,"column":64}},"27":{"start":{"line":28,"column":0},"end":{"line":28,"column":0}},"28":{"start":{"line":29,"column":0},"end":{"line":29,"column":97}},"29":{"start":{"line":30,"column":0},"end":{"line":30,"column":104}},"30":{"start":{"line":31,"column":0},"end":{"line":31,"column":58}},"31":{"start":{"line":32,"column":0},"end":{"line":32,"column":7}},"32":{"start":{"line":33,"column":0},"end":{"line":33,"column":0}},"33":{"start":{"line":34,"column":0},"end":{"line":34,"column":51}},"34":{"start":{"line":35,"column":0},"end":{"line":35,"column":68}},"35":{"start":{"line":36,"column":0},"end":{"line":36,"column":84}},"36":{"start":{"line":37,"column":0},"end":{"line":37,"column":7}},"37":{"start":{"line":38,"column":0},"end":{"line":38,"column":0}},"38":{"start":{"line":39,"column":0},"end":{"line":39,"column":26}},"39":{"start":{"line":40,"column":0},"end":{"line":40,"column":94}},"40":{"start":{"line":41,"column":0},"end":{"line":41,"column":102}},"41":{"start":{"line":42,"column":0},"end":{"line":42,"column":51}},"42":{"start":{"line":43,"column":0},"end":{"line":43,"column":138}},"43":{"start":{"line":44,"column":0},"end":{"line":44,"column":5}},"44":{"start":{"line":45,"column":0},"end":{"line":45,"column":3}},"45":{"start":{"line":46,"column":0},"end":{"line":46,"column":0}},"46":{"start":{"line":47,"column":0},"end":{"line":47,"column":65}},"47":{"start":{"line":48,"column":0},"end":{"line":48,"column":34}},"48":{"start":{"line":49,"column":0},"end":{"line":49,"column":61}},"49":{"start":{"line":50,"column":0},"end":{"line":50,"column":5}},"50":{"start":{"line":51,"column":0},"end":{"line":51,"column":34}},"51":{"start":{"line":52,"column":0},"end":{"line":52,"column":3}},"52":{"start":{"line":53,"column":0},"end":{"line":53,"column":0}},"53":{"start":{"line":54,"column":0},"end":{"line":54,"column":85}},"54":{"start":{"line":55,"column":0},"end":{"line":55,"column":40}},"55":{"start":{"line":56,"column":0},"end":{"line":56,"column":13}},"56":{"start":{"line":57,"column":0},"end":{"line":57,"column":26}},"57":{"start":{"line":58,"column":0},"end":{"line":58,"column":19}},"58":{"start":{"line":59,"column":0},"end":{"line":59,"column":35}},"59":{"start":{"line":60,"column":0},"end":{"line":60,"column":21}},"60":{"start":{"line":61,"column":0},"end":{"line":61,"column":21}},"61":{"start":{"line":62,"column":0},"end":{"line":62,"column":8}},"62":{"start":{"line":63,"column":0},"end":{"line":63,"column":20}},"63":{"start":{"line":64,"column":0},"end":{"line":64,"column":54}},"64":{"start":{"line":65,"column":0},"end":{"line":65,"column":29}},"65":{"start":{"line":66,"column":0},"end":{"line":66,"column":36}},"66":{"start":{"line":67,"column":0},"end":{"line":67,"column":39}},"67":{"start":{"line":68,"column":0},"end":{"line":68,"column":33}},"68":{"start":{"line":69,"column":0},"end":{"line":69,"column":8}},"69":{"start":{"line":70,"column":0},"end":{"line":70,"column":19}},"70":{"start":{"line":71,"column":0},"end":{"line":71,"column":16}},"71":{"start":{"line":72,"column":0},"end":{"line":72,"column":22}},"72":{"start":{"line":73,"column":0},"end":{"line":73,"column":8}},"73":{"start":{"line":74,"column":0},"end":{"line":74,"column":6}},"74":{"start":{"line":75,"column":0},"end":{"line":75,"column":0}},"75":{"start":{"line":76,"column":0},"end":{"line":76,"column":51}},"76":{"start":{"line":77,"column":0},"end":{"line":77,"column":63}},"77":{"start":{"line":78,"column":0},"end":{"line":78,"column":72}},"78":{"start":{"line":79,"column":0},"end":{"line":79,"column":135}},"79":{"start":{"line":80,"column":0},"end":{"line":80,"column":84}},"80":{"start":{"line":81,"column":0},"end":{"line":81,"column":81}},"81":{"start":{"line":82,"column":0},"end":{"line":82,"column":0}},"82":{"start":{"line":83,"column":0},"end":{"line":83,"column":71}},"83":{"start":{"line":84,"column":0},"end":{"line":84,"column":73}},"84":{"start":{"line":85,"column":0},"end":{"line":85,"column":36}},"85":{"start":{"line":86,"column":0},"end":{"line":86,"column":61}},"86":{"start":{"line":87,"column":0},"end":{"line":87,"column":5}},"87":{"start":{"line":88,"column":0},"end":{"line":88,"column":36}},"88":{"start":{"line":89,"column":0},"end":{"line":89,"column":61}},"89":{"start":{"line":90,"column":0},"end":{"line":90,"column":5}},"90":{"start":{"line":91,"column":0},"end":{"line":91,"column":0}},"91":{"start":{"line":92,"column":0},"end":{"line":92,"column":42}},"92":{"start":{"line":93,"column":0},"end":{"line":93,"column":67}},"93":{"start":{"line":94,"column":0},"end":{"line":94,"column":83}},"94":{"start":{"line":95,"column":0},"end":{"line":95,"column":5}},"95":{"start":{"line":96,"column":0},"end":{"line":96,"column":101}},"96":{"start":{"line":97,"column":0},"end":{"line":97,"column":77}},"97":{"start":{"line":98,"column":0},"end":{"line":98,"column":5}},"98":{"start":{"line":99,"column":0},"end":{"line":99,"column":67}},"99":{"start":{"line":100,"column":0},"end":{"line":100,"column":86}},"100":{"start":{"line":101,"column":0},"end":{"line":101,"column":5}},"101":{"start":{"line":102,"column":0},"end":{"line":102,"column":0}},"102":{"start":{"line":103,"column":0},"end":{"line":103,"column":0}},"103":{"start":{"line":104,"column":0},"end":{"line":104,"column":39}},"104":{"start":{"line":105,"column":0},"end":{"line":105,"column":3}},"105":{"start":{"line":106,"column":0},"end":{"line":106,"column":0}},"106":{"start":{"line":107,"column":0},"end":{"line":107,"column":50}},"107":{"start":{"line":108,"column":0},"end":{"line":108,"column":88}},"108":{"start":{"line":109,"column":0},"end":{"line":109,"column":55}},"109":{"start":{"line":110,"column":0},"end":{"line":110,"column":87}},"110":{"start":{"line":111,"column":0},"end":{"line":111,"column":12}},"111":{"start":{"line":112,"column":0},"end":{"line":112,"column":13}},"112":{"start":{"line":113,"column":0},"end":{"line":113,"column":76}},"113":{"start":{"line":114,"column":0},"end":{"line":114,"column":19}},"114":{"start":{"line":115,"column":0},"end":{"line":115,"column":87}},"115":{"start":{"line":116,"column":0},"end":{"line":116,"column":8}},"116":{"start":{"line":117,"column":0},"end":{"line":117,"column":20}},"117":{"start":{"line":118,"column":0},"end":{"line":118,"column":82}},"118":{"start":{"line":119,"column":0},"end":{"line":119,"column":23}},"119":{"start":{"line":120,"column":0},"end":{"line":120,"column":31}},"120":{"start":{"line":121,"column":0},"end":{"line":121,"column":35}},"121":{"start":{"line":122,"column":0},"end":{"line":122,"column":33}},"122":{"start":{"line":123,"column":0},"end":{"line":123,"column":8}},"123":{"start":{"line":124,"column":0},"end":{"line":124,"column":62}},"124":{"start":{"line":125,"column":0},"end":{"line":125,"column":16}},"125":{"start":{"line":126,"column":0},"end":{"line":126,"column":65}},"126":{"start":{"line":127,"column":0},"end":{"line":127,"column":8}},"127":{"start":{"line":128,"column":0},"end":{"line":128,"column":6}},"128":{"start":{"line":129,"column":0},"end":{"line":129,"column":3}},"129":{"start":{"line":130,"column":0},"end":{"line":130,"column":0}},"130":{"start":{"line":131,"column":0},"end":{"line":131,"column":48}},"131":{"start":{"line":132,"column":0},"end":{"line":132,"column":45}},"132":{"start":{"line":133,"column":0},"end":{"line":133,"column":3}},"133":{"start":{"line":134,"column":0},"end":{"line":134,"column":1}},"134":{"start":{"line":135,"column":0},"end":{"line":135,"column":0}},"135":{"start":{"line":136,"column":0},"end":{"line":136,"column":41}},"136":{"start":{"line":137,"column":0},"end":{"line":137,"column":0}},"137":{"start":{"line":138,"column":0},"end":{"line":138,"column":3}},"138":{"start":{"line":139,"column":0},"end":{"line":139,"column":52}},"139":{"start":{"line":140,"column":0},"end":{"line":140,"column":53}},"140":{"start":{"line":141,"column":0},"end":{"line":141,"column":61}},"141":{"start":{"line":142,"column":0},"end":{"line":142,"column":51}},"142":{"start":{"line":143,"column":0},"end":{"line":143,"column":3}},"143":{"start":{"line":144,"column":0},"end":{"line":144,"column":77}},"144":{"start":{"line":145,"column":0},"end":{"line":145,"column":33}},"145":{"start":{"line":146,"column":0},"end":{"line":146,"column":68}},"146":{"start":{"line":147,"column":0},"end":{"line":147,"column":28}},"147":{"start":{"line":148,"column":0},"end":{"line":148,"column":39}},"148":{"start":{"line":149,"column":0},"end":{"line":149,"column":137}},"149":{"start":{"line":150,"column":0},"end":{"line":150,"column":5}},"150":{"start":{"line":151,"column":0},"end":{"line":151,"column":33}},"151":{"start":{"line":152,"column":0},"end":{"line":152,"column":1}},"152":{"start":{"line":153,"column":0},"end":{"line":153,"column":0}},"153":{"start":{"line":154,"column":0},"end":{"line":154,"column":3}},"154":{"start":{"line":155,"column":0},"end":{"line":155,"column":53}},"155":{"start":{"line":156,"column":0},"end":{"line":156,"column":64}},"156":{"start":{"line":157,"column":0},"end":{"line":157,"column":39}},"157":{"start":{"line":158,"column":0},"end":{"line":158,"column":53}},"158":{"start":{"line":159,"column":0},"end":{"line":159,"column":3}},"159":{"start":{"line":160,"column":0},"end":{"line":160,"column":51}},"160":{"start":{"line":161,"column":0},"end":{"line":161,"column":31}},"161":{"start":{"line":162,"column":0},"end":{"line":162,"column":68}},"162":{"start":{"line":163,"column":0},"end":{"line":163,"column":37}},"163":{"start":{"line":164,"column":0},"end":{"line":164,"column":127}},"164":{"start":{"line":165,"column":0},"end":{"line":165,"column":37}},"165":{"start":{"line":166,"column":0},"end":{"line":166,"column":3}},"166":{"start":{"line":167,"column":0},"end":{"line":167,"column":31}},"167":{"start":{"line":168,"column":0},"end":{"line":168,"column":1}}},"s":{"0":1,"1":1,"2":1,"3":1,"4":1,"5":1,"6":1,"7":1,"8":1,"9":1,"10":1,"11":1,"12":1,"13":1,"14":1,"15":1,"16":1,"17":1,"18":1,"19":1,"20":1,"21":1,"22":0,"23":0,"24":0,"25":0,"26":0,"27":0,"28":0,"29":0,"30":0,"31":0,"32":0,"33":0,"34":0,"35":0,"36":0,"37":0,"38":0,"39":0,"40":0,"41":0,"42":0,"43":0,"44":0,"45":1,"46":1,"47":0,"48":0,"49":0,"50":0,"51":0,"52":1,"53":1,"54":0,"55":0,"56":0,"57":0,"58":0,"59":0,"60":0,"61":0,"62":0,"63":0,"64":0,"65":0,"66":0,"67":0,"68":0,"69":0,"70":0,"71":0,"72":0,"73":0,"74":0,"75":0,"76":0,"77":0,"78":0,"79":0,"80":0,"81":0,"82":0,"83":0,"84":0,"85":0,"86":0,"87":0,"88":0,"89":0,"90":0,"91":0,"92":0,"93":0,"94":0,"95":0,"96":0,"97":0,"98":0,"99":0,"100":0,"101":0,"102":0,"103":0,"104":0,"105":1,"106":1,"107":0,"108":0,"109":0,"110":0,"111":0,"112":0,"113":0,"114":0,"115":0,"116":0,"117":0,"118":0,"119":0,"120":0,"121":0,"122":0,"123":0,"124":0,"125":0,"126":0,"127":0,"128":0,"129":1,"130":1,"131":0,"132":0,"133":1,"134":1,"135":1,"136":1,"137":1,"138":1,"139":1,"140":1,"141":1,"142":1,"143":0,"144":0,"145":0,"146":0,"147":0,"148":0,"149":0,"150":0,"151":0,"152":1,"153":1,"154":1,"155":1,"156":1,"157":1,"158":1,"159":0,"160":0,"161":0,"162":0,"163":0,"164":0,"165":0,"166":0,"167":0},"branchMap":{},"b":{},"fnMap":{"0":{"name":"ConfigManager","decl":{"start":{"line":22,"column":2},"end":{"line":45,"column":3}},"loc":{"start":{"line":22,"column":2},"end":{"line":45,"column":3}},"line":22},"1":{"name":"getInstance","decl":{"start":{"line":47,"column":16},"end":{"line":52,"column":3}},"loc":{"start":{"line":47,"column":16},"end":{"line":52,"column":3}},"line":47},"2":{"name":"validateAndMergeDefaults","decl":{"start":{"line":54,"column":10},"end":{"line":105,"column":3}},"loc":{"start":{"line":54,"column":10},"end":{"line":105,"column":3}},"line":54},"3":{"name":"getMinimalDefaultConfig","decl":{"start":{"line":107,"column":10},"end":{"line":129,"column":3}},"loc":{"start":{"line":107,"column":10},"end":{"line":129,"column":3}},"line":107},"4":{"name":"getFeatureConfig","decl":{"start":{"line":131,"column":9},"end":{"line":133,"column":3}},"loc":{"start":{"line":131,"column":9},"end":{"line":133,"column":3}},"line":131},"5":{"name":"initializeConfigManager","decl":{"start":{"line":144,"column":0},"end":{"line":152,"column":1}},"loc":{"start":{"line":144,"column":0},"end":{"line":152,"column":1}},"line":144},"6":{"name":"getConfigManager","decl":{"start":{"line":160,"column":0},"end":{"line":168,"column":1}},"loc":{"start":{"line":160,"column":0},"end":{"line":168,"column":1}},"line":160}},"f":{"0":0,"1":0,"2":0,"3":0,"4":0,"5":0,"6":0}}
,"/home/mallanic/Projects/Nivuus/mqtt/src/core/BaseFeature.ts": {"path":"/home/mallanic/Projects/Nivuus/mqtt/src/core/BaseFeature.ts","all":false,"statementMap":{"0":{"start":{"line":1,"column":0},"end":{"line":1,"column":26}},"1":{"start":{"line":2,"column":0},"end":{"line":2,"column":0}},"2":{"start":{"line":3,"column":0},"end":{"line":3,"column":97}},"3":{"start":{"line":4,"column":0},"end":{"line":4,"column":45}},"4":{"start":{"line":5,"column":0},"end":{"line":5,"column":37}},"5":{"start":{"line":6,"column":0},"end":{"line":6,"column":0}},"6":{"start":{"line":7,"column":0},"end":{"line":7,"column":3}},"7":{"start":{"line":8,"column":0},"end":{"line":8,"column":40}},"8":{"start":{"line":9,"column":0},"end":{"line":9,"column":83}},"9":{"start":{"line":10,"column":0},"end":{"line":10,"column":3}},"10":{"start":{"line":11,"column":0},"end":{"line":11,"column":35}},"11":{"start":{"line":12,"column":0},"end":{"line":12,"column":44}},"12":{"start":{"line":13,"column":0},"end":{"line":13,"column":46}},"13":{"start":{"line":14,"column":0},"end":{"line":14,"column":72}},"14":{"start":{"line":15,"column":0},"end":{"line":15,"column":50}},"15":{"start":{"line":16,"column":0},"end":{"line":16,"column":44}},"16":{"start":{"line":17,"column":0},"end":{"line":17,"column":39}},"17":{"start":{"line":18,"column":0},"end":{"line":18,"column":47}},"18":{"start":{"line":19,"column":0},"end":{"line":19,"column":57}},"19":{"start":{"line":20,"column":0},"end":{"line":20,"column":61}},"20":{"start":{"line":21,"column":0},"end":{"line":21,"column":0}},"21":{"start":{"line":22,"column":0},"end":{"line":22,"column":44}},"22":{"start":{"line":23,"column":0},"end":{"line":23,"column":0}},"23":{"start":{"line":24,"column":0},"end":{"line":24,"column":14}},"24":{"start":{"line":25,"column":0},"end":{"line":25,"column":27}},"25":{"start":{"line":26,"column":0},"end":{"line":26,"column":24}},"26":{"start":{"line":27,"column":0},"end":{"line":27,"column":5}},"27":{"start":{"line":28,"column":0},"end":{"line":28,"column":33}},"28":{"start":{"line":29,"column":0},"end":{"line":29,"column":79}},"29":{"start":{"line":30,"column":0},"end":{"line":30,"column":36}},"30":{"start":{"line":31,"column":0},"end":{"line":31,"column":92}},"31":{"start":{"line":32,"column":0},"end":{"line":32,"column":51}},"32":{"start":{"line":33,"column":0},"end":{"line":33,"column":127}},"33":{"start":{"line":34,"column":0},"end":{"line":34,"column":56}},"34":{"start":{"line":35,"column":0},"end":{"line":35,"column":3}},"35":{"start":{"line":36,"column":0},"end":{"line":36,"column":0}},"36":{"start":{"line":37,"column":0},"end":{"line":37,"column":5}},"37":{"start":{"line":38,"column":0},"end":{"line":38,"column":29}},"38":{"start":{"line":39,"column":0},"end":{"line":39,"column":39}},"39":{"start":{"line":40,"column":0},"end":{"line":40,"column":32}},"40":{"start":{"line":41,"column":0},"end":{"line":41,"column":40}},"41":{"start":{"line":42,"column":0},"end":{"line":42,"column":5}},"42":{"start":{"line":43,"column":0},"end":{"line":43,"column":36}},"43":{"start":{"line":44,"column":0},"end":{"line":44,"column":29}},"44":{"start":{"line":45,"column":0},"end":{"line":45,"column":3}},"45":{"start":{"line":46,"column":0},"end":{"line":46,"column":0}},"46":{"start":{"line":47,"column":0},"end":{"line":47,"column":39}},"47":{"start":{"line":48,"column":0},"end":{"line":48,"column":38}},"48":{"start":{"line":49,"column":0},"end":{"line":49,"column":64}},"49":{"start":{"line":50,"column":0},"end":{"line":50,"column":13}},"50":{"start":{"line":51,"column":0},"end":{"line":51,"column":5}},"51":{"start":{"line":52,"column":0},"end":{"line":52,"column":0}},"52":{"start":{"line":53,"column":0},"end":{"line":53,"column":92}},"53":{"start":{"line":54,"column":0},"end":{"line":54,"column":32}},"54":{"start":{"line":55,"column":0},"end":{"line":55,"column":24}},"55":{"start":{"line":56,"column":0},"end":{"line":56,"column":5}},"56":{"start":{"line":57,"column":0},"end":{"line":57,"column":0}},"57":{"start":{"line":58,"column":0},"end":{"line":58,"column":9}},"58":{"start":{"line":59,"column":0},"end":{"line":59,"column":36}},"59":{"start":{"line":60,"column":0},"end":{"line":60,"column":51}},"60":{"start":{"line":61,"column":0},"end":{"line":61,"column":6}},"61":{"start":{"line":62,"column":0},"end":{"line":62,"column":23}},"62":{"start":{"line":63,"column":0},"end":{"line":63,"column":27}},"63":{"start":{"line":64,"column":0},"end":{"line":64,"column":0}},"64":{"start":{"line":65,"column":0},"end":{"line":65,"column":60}},"65":{"start":{"line":66,"column":0},"end":{"line":66,"column":105}},"66":{"start":{"line":67,"column":0},"end":{"line":67,"column":44}},"67":{"start":{"line":68,"column":0},"end":{"line":68,"column":23}},"68":{"start":{"line":69,"column":0},"end":{"line":69,"column":51}},"69":{"start":{"line":70,"column":0},"end":{"line":70,"column":17}},"70":{"start":{"line":71,"column":0},"end":{"line":71,"column":34}},"71":{"start":{"line":72,"column":0},"end":{"line":72,"column":29}},"72":{"start":{"line":73,"column":0},"end":{"line":73,"column":93}},"73":{"start":{"line":74,"column":0},"end":{"line":74,"column":13}},"74":{"start":{"line":75,"column":0},"end":{"line":75,"column":12}},"75":{"start":{"line":76,"column":0},"end":{"line":76,"column":60}},"76":{"start":{"line":77,"column":0},"end":{"line":77,"column":10}},"77":{"start":{"line":78,"column":0},"end":{"line":78,"column":129}},"78":{"start":{"line":79,"column":0},"end":{"line":79,"column":7}},"79":{"start":{"line":80,"column":0},"end":{"line":80,"column":72}},"80":{"start":{"line":81,"column":0},"end":{"line":81,"column":21}},"81":{"start":{"line":82,"column":0},"end":{"line":82,"column":75}},"82":{"start":{"line":83,"column":0},"end":{"line":83,"column":5}},"83":{"start":{"line":84,"column":0},"end":{"line":84,"column":3}},"84":{"start":{"line":85,"column":0},"end":{"line":85,"column":0}},"85":{"start":{"line":86,"column":0},"end":{"line":86,"column":5}},"86":{"start":{"line":87,"column":0},"end":{"line":87,"column":23}},"87":{"start":{"line":88,"column":0},"end":{"line":88,"column":36}},"88":{"start":{"line":89,"column":0},"end":{"line":89,"column":38}},"89":{"start":{"line":90,"column":0},"end":{"line":90,"column":5}},"90":{"start":{"line":91,"column":0},"end":{"line":91,"column":38}},"91":{"start":{"line":92,"column":0},"end":{"line":92,"column":32}},"92":{"start":{"line":93,"column":0},"end":{"line":93,"column":43}},"93":{"start":{"line":94,"column":0},"end":{"line":94,"column":40}},"94":{"start":{"line":95,"column":0},"end":{"line":95,"column":5}},"95":{"start":{"line":96,"column":0},"end":{"line":96,"column":53}},"96":{"start":{"line":97,"column":0},"end":{"line":97,"column":56}},"97":{"start":{"line":98,"column":0},"end":{"line":98,"column":3}},"98":{"start":{"line":99,"column":0},"end":{"line":99,"column":0}},"99":{"start":{"line":100,"column":0},"end":{"line":100,"column":5}},"100":{"start":{"line":101,"column":0},"end":{"line":101,"column":90}},"101":{"start":{"line":102,"column":0},"end":{"line":102,"column":67}},"102":{"start":{"line":103,"column":0},"end":{"line":103,"column":5}},"103":{"start":{"line":104,"column":0},"end":{"line":104,"column":55}},"104":{"start":{"line":105,"column":0},"end":{"line":105,"column":0}},"105":{"start":{"line":106,"column":0},"end":{"line":106,"column":5}},"106":{"start":{"line":107,"column":0},"end":{"line":107,"column":76}},"107":{"start":{"line":108,"column":0},"end":{"line":108,"column":42}},"108":{"start":{"line":109,"column":0},"end":{"line":109,"column":5}},"109":{"start":{"line":110,"column":0},"end":{"line":110,"column":45}},"110":{"start":{"line":111,"column":0},"end":{"line":111,"column":0}},"111":{"start":{"line":112,"column":0},"end":{"line":112,"column":5}},"112":{"start":{"line":113,"column":0},"end":{"line":113,"column":68}},"113":{"start":{"line":114,"column":0},"end":{"line":114,"column":76}},"114":{"start":{"line":115,"column":0},"end":{"line":115,"column":32}},"115":{"start":{"line":116,"column":0},"end":{"line":116,"column":5}},"116":{"start":{"line":117,"column":0},"end":{"line":117,"column":42}},"117":{"start":{"line":118,"column":0},"end":{"line":118,"column":77}},"118":{"start":{"line":119,"column":0},"end":{"line":119,"column":3}},"119":{"start":{"line":120,"column":0},"end":{"line":120,"column":0}},"120":{"start":{"line":121,"column":0},"end":{"line":121,"column":5}},"121":{"start":{"line":122,"column":0},"end":{"line":122,"column":69}},"122":{"start":{"line":123,"column":0},"end":{"line":123,"column":5}},"123":{"start":{"line":124,"column":0},"end":{"line":124,"column":44}},"124":{"start":{"line":125,"column":0},"end":{"line":125,"column":77}},"125":{"start":{"line":126,"column":0},"end":{"line":126,"column":3}},"126":{"start":{"line":127,"column":0},"end":{"line":127,"column":0}},"127":{"start":{"line":128,"column":0},"end":{"line":128,"column":5}},"128":{"start":{"line":129,"column":0},"end":{"line":129,"column":72}},"129":{"start":{"line":130,"column":0},"end":{"line":130,"column":88}},"130":{"start":{"line":131,"column":0},"end":{"line":131,"column":104}},"131":{"start":{"line":132,"column":0},"end":{"line":132,"column":104}},"132":{"start":{"line":133,"column":0},"end":{"line":133,"column":5}},"133":{"start":{"line":134,"column":0},"end":{"line":134,"column":132}},"134":{"start":{"line":135,"column":0},"end":{"line":135,"column":43}},"135":{"start":{"line":136,"column":0},"end":{"line":136,"column":90}},"136":{"start":{"line":137,"column":0},"end":{"line":137,"column":109}},"137":{"start":{"line":138,"column":0},"end":{"line":138,"column":0}},"138":{"start":{"line":139,"column":0},"end":{"line":139,"column":45}},"139":{"start":{"line":140,"column":0},"end":{"line":140,"column":17}},"140":{"start":{"line":141,"column":0},"end":{"line":141,"column":26}},"141":{"start":{"line":142,"column":0},"end":{"line":142,"column":133}},"142":{"start":{"line":143,"column":0},"end":{"line":143,"column":30}},"143":{"start":{"line":144,"column":0},"end":{"line":144,"column":49}},"144":{"start":{"line":145,"column":0},"end":{"line":145,"column":47}},"145":{"start":{"line":146,"column":0},"end":{"line":146,"column":54}},"146":{"start":{"line":147,"column":0},"end":{"line":147,"column":100}},"147":{"start":{"line":148,"column":0},"end":{"line":148,"column":91}},"148":{"start":{"line":149,"column":0},"end":{"line":149,"column":121}},"149":{"start":{"line":150,"column":0},"end":{"line":150,"column":97}},"150":{"start":{"line":151,"column":0},"end":{"line":151,"column":6}},"151":{"start":{"line":152,"column":0},"end":{"line":152,"column":0}},"152":{"start":{"line":153,"column":0},"end":{"line":153,"column":121}},"153":{"start":{"line":154,"column":0},"end":{"line":154,"column":0}},"154":{"start":{"line":155,"column":0},"end":{"line":155,"column":9}},"155":{"start":{"line":156,"column":0},"end":{"line":156,"column":56}},"156":{"start":{"line":157,"column":0},"end":{"line":157,"column":91}},"157":{"start":{"line":158,"column":0},"end":{"line":158,"column":93}},"158":{"start":{"line":159,"column":0},"end":{"line":159,"column":21}},"159":{"start":{"line":160,"column":0},"end":{"line":160,"column":74}},"160":{"start":{"line":161,"column":0},"end":{"line":161,"column":5}},"161":{"start":{"line":162,"column":0},"end":{"line":162,"column":3}},"162":{"start":{"line":163,"column":0},"end":{"line":163,"column":2}},"163":{"start":{"line":164,"column":0},"end":{"line":164,"column":48}},"164":{"start":{"line":165,"column":0},"end":{"line":165,"column":99}},"165":{"start":{"line":166,"column":0},"end":{"line":166,"column":19}},"166":{"start":{"line":167,"column":0},"end":{"line":167,"column":5}},"167":{"start":{"line":168,"column":0},"end":{"line":168,"column":40}},"168":{"start":{"line":169,"column":0},"end":{"line":169,"column":3}},"169":{"start":{"line":170,"column":0},"end":{"line":170,"column":0}},"170":{"start":{"line":171,"column":0},"end":{"line":171,"column":125}},"171":{"start":{"line":172,"column":0},"end":{"line":172,"column":43}},"172":{"start":{"line":173,"column":0},"end":{"line":173,"column":50}},"173":{"start":{"line":174,"column":0},"end":{"line":174,"column":34}},"174":{"start":{"line":175,"column":0},"end":{"line":175,"column":93}},"175":{"start":{"line":176,"column":0},"end":{"line":176,"column":9}},"176":{"start":{"line":177,"column":0},"end":{"line":177,"column":76}},"177":{"start":{"line":178,"column":0},"end":{"line":178,"column":21}},"178":{"start":{"line":179,"column":0},"end":{"line":179,"column":70}},"179":{"start":{"line":180,"column":0},"end":{"line":180,"column":5}},"180":{"start":{"line":181,"column":0},"end":{"line":181,"column":3}},"181":{"start":{"line":182,"column":0},"end":{"line":182,"column":0}},"182":{"start":{"line":183,"column":0},"end":{"line":183,"column":116}},"183":{"start":{"line":184,"column":0},"end":{"line":184,"column":43}},"184":{"start":{"line":185,"column":0},"end":{"line":185,"column":50}},"185":{"start":{"line":186,"column":0},"end":{"line":186,"column":47}},"186":{"start":{"line":187,"column":0},"end":{"line":187,"column":92}},"187":{"start":{"line":188,"column":0},"end":{"line":188,"column":9}},"188":{"start":{"line":189,"column":0},"end":{"line":189,"column":76}},"189":{"start":{"line":190,"column":0},"end":{"line":190,"column":21}},"190":{"start":{"line":191,"column":0},"end":{"line":191,"column":75}},"191":{"start":{"line":192,"column":0},"end":{"line":192,"column":5}},"192":{"start":{"line":193,"column":0},"end":{"line":193,"column":3}},"193":{"start":{"line":194,"column":0},"end":{"line":194,"column":1}}},"s":{"0":1,"1":1,"2":1,"3":1,"4":1,"5":1,"6":1,"7":1,"8":1,"9":1,"10":1,"11":1,"12":1,"13":1,"14":1,"15":1,"16":1,"17":1,"18":1,"19":1,"20":1,"21":1,"22":1,"23":1,"24":7,"25":7,"26":7,"27":7,"28":7,"29":7,"30":7,"31":7,"32":7,"33":7,"34":7,"35":1,"36":1,"37":1,"38":1,"39":1,"40":1,"41":1,"42":1,"43":52,"44":52,"45":1,"46":1,"47":7,"48":0,"49":0,"50":0,"51":7,"52":7,"53":7,"54":0,"55":0,"56":7,"57":7,"58":7,"59":7,"60":7,"61":7,"62":7,"63":7,"64":7,"65":7,"66":7,"67":7,"68":0,"69":0,"70":0,"71":0,"72":0,"73":0,"74":7,"75":7,"76":7,"77":7,"78":7,"79":7,"80":7,"81":0,"82":0,"83":7,"84":1,"85":1,"86":1,"87":1,"88":1,"89":1,"90":1,"91":7,"92":7,"93":7,"94":7,"95":7,"96":7,"97":7,"98":1,"99":1,"100":1,"101":1,"102":1,"103":1,"104":1,"105":1,"106":1,"107":1,"108":1,"109":1,"110":1,"111":1,"112":1,"113":1,"114":1,"115":1,"116":1,"117":7,"118":7,"119":1,"120":1,"121":1,"122":1,"123":1,"124":7,"125":7,"126":1,"127":1,"128":1,"129":1,"130":1,"131":1,"132":1,"133":1,"134":14,"135":14,"136":14,"137":14,"138":14,"139":14,"140":14,"141":14,"142":14,"143":14,"144":14,"145":14,"146":14,"147":14,"148":14,"149":14,"150":14,"151":14,"152":14,"153":14,"154":14,"155":14,"156":14,"157":14,"158":14,"159":0,"160":0,"161":14,"162":1,"163":1,"164":66,"165":23,"166":23,"167":43,"168":43,"169":1,"170":1,"171":13,"172":13,"173":13,"174":13,"175":13,"176":13,"177":13,"178":0,"179":0,"180":13,"181":1,"182":1,"183":7,"184":7,"185":7,"186":7,"187":7,"188":7,"189":7,"190":0,"191":0,"192":7,"193":1},"branchMap":{"0":{"type":"branch","line":24,"loc":{"start":{"line":24,"column":2},"end":{"line":35,"column":3}},"locations":[{"start":{"line":24,"column":2},"end":{"line":35,"column":3}}]},"1":{"type":"branch","line":31,"loc":{"start":{"line":31,"column":69},"end":{"line":31,"column":91}},"locations":[{"start":{"line":31,"column":69},"end":{"line":31,"column":91}}]},"2":{"type":"branch","line":43,"loc":{"start":{"line":43,"column":2},"end":{"line":45,"column":3}},"locations":[{"start":{"line":43,"column":2},"end":{"line":45,"column":3}}]},"3":{"type":"branch","line":47,"loc":{"start":{"line":47,"column":9},"end":{"line":84,"column":3}},"locations":[{"start":{"line":47,"column":9},"end":{"line":84,"column":3}}]},"4":{"type":"branch","line":48,"loc":{"start":{"line":48,"column":37},"end":{"line":51,"column":5}},"locations":[{"start":{"line":48,"column":37},"end":{"line":51,"column":5}}]},"5":{"type":"branch","line":54,"loc":{"start":{"line":54,"column":31},"end":{"line":56,"column":5}},"locations":[{"start":{"line":54,"column":31},"end":{"line":56,"column":5}}]},"6":{"type":"branch","line":81,"loc":{"start":{"line":81,"column":6},"end":{"line":83,"column":5}},"locations":[{"start":{"line":81,"column":6},"end":{"line":83,"column":5}}]},"7":{"type":"branch","line":91,"loc":{"start":{"line":91,"column":9},"end":{"line":98,"column":3}},"locations":[{"start":{"line":91,"column":9},"end":{"line":98,"column":3}}]},"8":{"type":"branch","line":117,"loc":{"start":{"line":117,"column":12},"end":{"line":119,"column":3}},"locations":[{"start":{"line":117,"column":12},"end":{"line":119,"column":3}}]},"9":{"type":"branch","line":124,"loc":{"start":{"line":124,"column":12},"end":{"line":126,"column":3}},"locations":[{"start":{"line":124,"column":12},"end":{"line":126,"column":3}}]},"10":{"type":"branch","line":134,"loc":{"start":{"line":134,"column":12},"end":{"line":162,"column":3}},"locations":[{"start":{"line":134,"column":12},"end":{"line":162,"column":3}}]},"11":{"type":"branch","line":135,"loc":{"start":{"line":135,"column":36},"end":{"line":135,"column":43}},"locations":[{"start":{"line":135,"column":36},"end":{"line":135,"column":43}}]},"12":{"type":"branch","line":142,"loc":{"start":{"line":142,"column":24},"end":{"line":142,"column":105}},"locations":[{"start":{"line":142,"column":24},"end":{"line":142,"column":105}}]},"13":{"type":"branch","line":148,"loc":{"start":{"line":148,"column":79},"end":{"line":148,"column":90}},"locations":[{"start":{"line":148,"column":79},"end":{"line":148,"column":90}}]},"14":{"type":"branch","line":149,"loc":{"start":{"line":149,"column":59},"end":{"line":149,"column":108}},"locations":[{"start":{"line":149,"column":59},"end":{"line":149,"column":108}}]},"15":{"type":"branch","line":149,"loc":{"start":{"line":149,"column":109},"end":{"line":149,"column":120}},"locations":[{"start":{"line":149,"column":109},"end":{"line":149,"column":120}}]},"16":{"type":"branch","line":150,"loc":{"start":{"line":150,"column":43},"end":{"line":150,"column":84}},"locations":[{"start":{"line":150,"column":43},"end":{"line":150,"column":84}}]},"17":{"type":"branch","line":159,"loc":{"start":{"line":159,"column":6},"end":{"line":161,"column":5}},"locations":[{"start":{"line":159,"column":6},"end":{"line":161,"column":5}}]},"18":{"type":"branch","line":153,"loc":{"start":{"line":153,"column":37},"end":{"line":153,"column":119}},"locations":[{"start":{"line":153,"column":37},"end":{"line":153,"column":119}}]},"19":{"type":"branch","line":153,"loc":{"start":{"line":153,"column":83},"end":{"line":153,"column":119}},"locations":[{"start":{"line":153,"column":83},"end":{"line":153,"column":119}}]},"20":{"type":"branch","line":164,"loc":{"start":{"line":164,"column":12},"end":{"line":169,"column":3}},"locations":[{"start":{"line":164,"column":12},"end":{"line":169,"column":3}}]},"21":{"type":"branch","line":165,"loc":{"start":{"line":165,"column":98},"end":{"line":167,"column":5}},"locations":[{"start":{"line":165,"column":98},"end":{"line":167,"column":5}}]},"22":{"type":"branch","line":168,"loc":{"start":{"line":168,"column":-1},"end":{"line":169,"column":3}},"locations":[{"start":{"line":168,"column":-1},"end":{"line":169,"column":3}}]},"23":{"type":"branch","line":171,"loc":{"start":{"line":171,"column":12},"end":{"line":181,"column":3}},"locations":[{"start":{"line":171,"column":12},"end":{"line":181,"column":3}}]},"24":{"type":"branch","line":172,"loc":{"start":{"line":172,"column":36},"end":{"line":172,"column":43}},"locations":[{"start":{"line":172,"column":36},"end":{"line":172,"column":43}}]},"25":{"type":"branch","line":178,"loc":{"start":{"line":178,"column":6},"end":{"line":180,"column":5}},"locations":[{"start":{"line":178,"column":6},"end":{"line":180,"column":5}}]},"26":{"type":"branch","line":183,"loc":{"start":{"line":183,"column":12},"end":{"line":193,"column":3}},"locations":[{"start":{"line":183,"column":12},"end":{"line":193,"column":3}}]},"27":{"type":"branch","line":184,"loc":{"start":{"line":184,"column":36},"end":{"line":184,"column":43}},"locations":[{"start":{"line":184,"column":36},"end":{"line":184,"column":43}}]},"28":{"type":"branch","line":190,"loc":{"start":{"line":190,"column":6},"end":{"line":192,"column":5}},"locations":[{"start":{"line":190,"column":6},"end":{"line":192,"column":5}}]}},"b":{"0":[7],"1":[0],"2":[52],"3":[7],"4":[0],"5":[0],"6":[0],"7":[7],"8":[7],"9":[7],"10":[14],"11":[0],"12":[0],"13":[0],"14":[9],"15":[5],"16":[0],"17":[0],"18":[182],"19":[19],"20":[66],"21":[23],"22":[43],"23":[13],"24":[0],"25":[0],"26":[7],"27":[0],"28":[0]},"fnMap":{"0":{"name":"BaseFeature","decl":{"start":{"line":24,"column":2},"end":{"line":35,"column":3}},"loc":{"start":{"line":24,"column":2},"end":{"line":35,"column":3}},"line":24},"1":{"name":"get featureName","decl":{"start":{"line":43,"column":2},"end":{"line":45,"column":3}},"loc":{"start":{"line":43,"column":2},"end":{"line":45,"column":3}},"line":43},"2":{"name":"start","decl":{"start":{"line":47,"column":9},"end":{"line":84,"column":3}},"loc":{"start":{"line":47,"column":9},"end":{"line":84,"column":3}},"line":47},"3":{"name":"stop","decl":{"start":{"line":91,"column":9},"end":{"line":98,"column":3}},"loc":{"start":{"line":91,"column":9},"end":{"line":98,"column":3}},"line":91},"4":{"name":"setup","decl":{"start":{"line":117,"column":12},"end":{"line":119,"column":3}},"loc":{"start":{"line":117,"column":12},"end":{"line":119,"column":3}},"line":117},"5":{"name":"cleanup","decl":{"start":{"line":124,"column":12},"end":{"line":126,"column":3}},"loc":{"start":{"line":124,"column":12},"end":{"line":126,"column":3}},"line":124},"6":{"name":"publishEntityDiscovery","decl":{"start":{"line":134,"column":12},"end":{"line":162,"column":3}},"loc":{"start":{"line":134,"column":12},"end":{"line":162,"column":3}},"line":134},"7":{"name":"prefixTopic","decl":{"start":{"line":164,"column":12},"end":{"line":169,"column":3}},"loc":{"start":{"line":164,"column":12},"end":{"line":169,"column":3}},"line":164},"8":{"name":"publishState","decl":{"start":{"line":171,"column":12},"end":{"line":181,"column":3}},"loc":{"start":{"line":171,"column":12},"end":{"line":181,"column":3}},"line":171},"9":{"name":"publishAttributes","decl":{"start":{"line":183,"column":12},"end":{"line":193,"column":3}},"loc":{"start":{"line":183,"column":12},"end":{"line":193,"column":3}},"line":183}},"f":{"0":7,"1":52,"2":7,"3":7,"4":7,"5":7,"6":14,"7":66,"8":13,"9":7}}
,"/home/mallanic/Projects/Nivuus/mqtt/src/features/cpu/CpuLoad.ts": {"path":"/home/mallanic/Projects/Nivuus/mqtt/src/features/cpu/CpuLoad.ts","all":false,"statementMap":{"0":{"start":{"line":1,"column":0},"end":{"line":1,"column":30}},"1":{"start":{"line":2,"column":0},"end":{"line":2,"column":0}},"2":{"start":{"line":3,"column":0},"end":{"line":3,"column":53}},"3":{"start":{"line":4,"column":0},"end":{"line":4,"column":46}},"4":{"start":{"line":5,"column":0},"end":{"line":5,"column":40}},"5":{"start":{"line":6,"column":0},"end":{"line":6,"column":40}},"6":{"start":{"line":7,"column":0},"end":{"line":7,"column":0}},"7":{"start":{"line":8,"column":0},"end":{"line":8,"column":42}},"8":{"start":{"line":9,"column":0},"end":{"line":9,"column":72}},"9":{"start":{"line":10,"column":0},"end":{"line":10,"column":0}},"10":{"start":{"line":11,"column":0},"end":{"line":11,"column":73}},"11":{"start":{"line":12,"column":0},"end":{"line":12,"column":35}},"12":{"start":{"line":13,"column":0},"end":{"line":13,"column":3}},"13":{"start":{"line":14,"column":0},"end":{"line":14,"column":0}},"14":{"start":{"line":15,"column":0},"end":{"line":15,"column":53}},"15":{"start":{"line":16,"column":0},"end":{"line":16,"column":50}},"16":{"start":{"line":17,"column":0},"end":{"line":17,"column":0}},"17":{"start":{"line":18,"column":0},"end":{"line":18,"column":23}},"18":{"start":{"line":19,"column":0},"end":{"line":19,"column":24}},"19":{"start":{"line":20,"column":0},"end":{"line":20,"column":31}},"20":{"start":{"line":21,"column":0},"end":{"line":21,"column":73}},"21":{"start":{"line":22,"column":0},"end":{"line":22,"column":31}},"22":{"start":{"line":23,"column":0},"end":{"line":23,"column":24}},"23":{"start":{"line":24,"column":0},"end":{"line":24,"column":52}},"24":{"start":{"line":25,"column":0},"end":{"line":25,"column":50}},"25":{"start":{"line":26,"column":0},"end":{"line":26,"column":88}},"26":{"start":{"line":27,"column":0},"end":{"line":27,"column":6}},"27":{"start":{"line":28,"column":0},"end":{"line":28,"column":90}},"28":{"start":{"line":29,"column":0},"end":{"line":29,"column":0}},"29":{"start":{"line":30,"column":0},"end":{"line":30,"column":44}},"30":{"start":{"line":31,"column":0},"end":{"line":31,"column":9}},"31":{"start":{"line":32,"column":0},"end":{"line":32,"column":70}},"32":{"start":{"line":33,"column":0},"end":{"line":33,"column":49}},"33":{"start":{"line":34,"column":0},"end":{"line":34,"column":60}},"34":{"start":{"line":35,"column":0},"end":{"line":35,"column":55}},"35":{"start":{"line":36,"column":0},"end":{"line":36,"column":31}},"36":{"start":{"line":37,"column":0},"end":{"line":37,"column":47}},"37":{"start":{"line":38,"column":0},"end":{"line":38,"column":89}},"38":{"start":{"line":39,"column":0},"end":{"line":39,"column":37}},"39":{"start":{"line":40,"column":0},"end":{"line":40,"column":93}},"40":{"start":{"line":41,"column":0},"end":{"line":41,"column":58}},"41":{"start":{"line":42,"column":0},"end":{"line":42,"column":56}},"42":{"start":{"line":43,"column":0},"end":{"line":43,"column":104}},"43":{"start":{"line":44,"column":0},"end":{"line":44,"column":12}},"44":{"start":{"line":45,"column":0},"end":{"line":45,"column":111}},"45":{"start":{"line":46,"column":0},"end":{"line":46,"column":11}},"46":{"start":{"line":47,"column":0},"end":{"line":47,"column":7}},"47":{"start":{"line":48,"column":0},"end":{"line":48,"column":21}},"48":{"start":{"line":49,"column":0},"end":{"line":49,"column":83}},"49":{"start":{"line":50,"column":0},"end":{"line":50,"column":5}},"50":{"start":{"line":51,"column":0},"end":{"line":51,"column":41}},"51":{"start":{"line":52,"column":0},"end":{"line":52,"column":3}},"52":{"start":{"line":53,"column":0},"end":{"line":53,"column":0}},"53":{"start":{"line":54,"column":0},"end":{"line":54,"column":43}},"54":{"start":{"line":55,"column":0},"end":{"line":55,"column":9}},"55":{"start":{"line":56,"column":0},"end":{"line":56,"column":49}},"56":{"start":{"line":57,"column":0},"end":{"line":57,"column":0}},"57":{"start":{"line":58,"column":0},"end":{"line":58,"column":21}},"58":{"start":{"line":59,"column":0},"end":{"line":59,"column":45}},"59":{"start":{"line":60,"column":0},"end":{"line":60,"column":105}},"60":{"start":{"line":61,"column":0},"end":{"line":61,"column":31}},"61":{"start":{"line":62,"column":0},"end":{"line":62,"column":69}},"62":{"start":{"line":63,"column":0},"end":{"line":63,"column":73}},"63":{"start":{"line":64,"column":0},"end":{"line":64,"column":69}},"64":{"start":{"line":65,"column":0},"end":{"line":65,"column":69}},"65":{"start":{"line":66,"column":0},"end":{"line":66,"column":67}},"66":{"start":{"line":67,"column":0},"end":{"line":67,"column":113}},"67":{"start":{"line":68,"column":0},"end":{"line":68,"column":10}},"68":{"start":{"line":69,"column":0},"end":{"line":69,"column":42}},"69":{"start":{"line":70,"column":0},"end":{"line":70,"column":131}},"70":{"start":{"line":71,"column":0},"end":{"line":71,"column":100}},"71":{"start":{"line":72,"column":0},"end":{"line":72,"column":7}},"72":{"start":{"line":73,"column":0},"end":{"line":73,"column":0}},"73":{"start":{"line":74,"column":0},"end":{"line":74,"column":23}},"74":{"start":{"line":75,"column":0},"end":{"line":75,"column":60}},"75":{"start":{"line":76,"column":0},"end":{"line":76,"column":26}},"76":{"start":{"line":77,"column":0},"end":{"line":77,"column":63}},"77":{"start":{"line":78,"column":0},"end":{"line":78,"column":45}},"78":{"start":{"line":79,"column":0},"end":{"line":79,"column":115}},"79":{"start":{"line":80,"column":0},"end":{"line":80,"column":38}},"80":{"start":{"line":81,"column":0},"end":{"line":81,"column":62}},"81":{"start":{"line":82,"column":0},"end":{"line":82,"column":66}},"82":{"start":{"line":83,"column":0},"end":{"line":83,"column":62}},"83":{"start":{"line":84,"column":0},"end":{"line":84,"column":62}},"84":{"start":{"line":85,"column":0},"end":{"line":85,"column":60}},"85":{"start":{"line":86,"column":0},"end":{"line":86,"column":16}},"86":{"start":{"line":87,"column":0},"end":{"line":87,"column":140}},"87":{"start":{"line":88,"column":0},"end":{"line":88,"column":117}},"88":{"start":{"line":89,"column":0},"end":{"line":89,"column":13}},"89":{"start":{"line":90,"column":0},"end":{"line":90,"column":12}},"90":{"start":{"line":91,"column":0},"end":{"line":91,"column":10}},"91":{"start":{"line":92,"column":0},"end":{"line":92,"column":7}},"92":{"start":{"line":93,"column":0},"end":{"line":93,"column":120}},"93":{"start":{"line":94,"column":0},"end":{"line":94,"column":21}},"94":{"start":{"line":95,"column":0},"end":{"line":95,"column":78}},"95":{"start":{"line":96,"column":0},"end":{"line":96,"column":5}},"96":{"start":{"line":97,"column":0},"end":{"line":97,"column":3}},"97":{"start":{"line":98,"column":0},"end":{"line":98,"column":1}}},"s":{"0":1,"1":1,"2":1,"3":1,"4":1,"5":1,"6":1,"7":1,"8":1,"9":1,"10":1,"11":3,"12":3,"13":1,"14":1,"15":3,"16":3,"17":3,"18":3,"19":3,"20":3,"21":3,"22":3,"23":3,"24":3,"25":3,"26":3,"27":3,"28":3,"29":3,"30":3,"31":3,"32":3,"33":3,"34":1,"35":2,"36":2,"37":2,"38":2,"39":2,"40":2,"41":2,"42":2,"43":2,"44":2,"45":1,"46":1,"47":3,"48":1,"49":1,"50":3,"51":3,"52":1,"53":1,"54":3,"55":3,"56":2,"57":2,"58":2,"59":2,"60":2,"61":2,"62":2,"63":2,"64":2,"65":2,"66":2,"67":2,"68":2,"69":2,"70":2,"71":2,"72":2,"73":2,"74":3,"75":1,"76":1,"77":2,"78":2,"79":2,"80":2,"81":2,"82":2,"83":2,"84":2,"85":2,"86":2,"87":2,"88":2,"89":1,"90":1,"91":1,"92":2,"93":3,"94":1,"95":1,"96":3,"97":1},"branchMap":{"0":{"type":"branch","line":11,"loc":{"start":{"line":11,"column":2},"end":{"line":13,"column":3}},"locations":[{"start":{"line":11,"column":2},"end":{"line":13,"column":3}}]},"1":{"type":"branch","line":15,"loc":{"start":{"line":15,"column":12},"end":{"line":52,"column":3}},"locations":[{"start":{"line":15,"column":12},"end":{"line":52,"column":3}}]},"2":{"type":"branch","line":34,"loc":{"start":{"line":34,"column":-1},"end":{"line":34,"column":57}},"locations":[{"start":{"line":34,"column":-1},"end":{"line":34,"column":57}}]},"3":{"type":"branch","line":34,"loc":{"start":{"line":34,"column":59},"end":{"line":47,"column":7}},"locations":[{"start":{"line":34,"column":59},"end":{"line":47,"column":7}}]},"4":{"type":"branch","line":48,"loc":{"start":{"line":48,"column":6},"end":{"line":50,"column":5}},"locations":[{"start":{"line":48,"column":6},"end":{"line":50,"column":5}}]},"5":{"type":"branch","line":35,"loc":{"start":{"line":35,"column":33},"end":{"line":46,"column":9}},"locations":[{"start":{"line":35,"column":33},"end":{"line":46,"column":9}}]},"6":{"type":"branch","line":54,"loc":{"start":{"line":54,"column":12},"end":{"line":97,"column":3}},"locations":[{"start":{"line":54,"column":12},"end":{"line":97,"column":3}}]},"7":{"type":"branch","line":57,"loc":{"start":{"line":57,"column":-1},"end":{"line":75,"column":57}},"locations":[{"start":{"line":57,"column":-1},"end":{"line":75,"column":57}}]},"8":{"type":"branch","line":62,"loc":{"start":{"line":62,"column":56},"end":{"line":62,"column":65}},"locations":[{"start":{"line":62,"column":56},"end":{"line":62,"column":65}}]},"9":{"type":"branch","line":63,"loc":{"start":{"line":63,"column":60},"end":{"line":63,"column":69}},"locations":[{"start":{"line":63,"column":60},"end":{"line":63,"column":69}}]},"10":{"type":"branch","line":64,"loc":{"start":{"line":64,"column":56},"end":{"line":64,"column":65}},"locations":[{"start":{"line":64,"column":56},"end":{"line":64,"column":65}}]},"11":{"type":"branch","line":65,"loc":{"start":{"line":65,"column":56},"end":{"line":65,"column":65}},"locations":[{"start":{"line":65,"column":56},"end":{"line":65,"column":65}}]},"12":{"type":"branch","line":66,"loc":{"start":{"line":66,"column":54},"end":{"line":66,"column":63}},"locations":[{"start":{"line":66,"column":54},"end":{"line":66,"column":63}}]},"13":{"type":"branch","line":67,"loc":{"start":{"line":67,"column":40},"end":{"line":67,"column":49}},"locations":[{"start":{"line":67,"column":40},"end":{"line":67,"column":49}}]},"14":{"type":"branch","line":75,"loc":{"start":{"line":75,"column":59},"end":{"line":92,"column":7}},"locations":[{"start":{"line":75,"column":59},"end":{"line":92,"column":7}}]},"15":{"type":"branch","line":93,"loc":{"start":{"line":93,"column":-1},"end":{"line":94,"column":13}},"locations":[{"start":{"line":93,"column":-1},"end":{"line":94,"column":13}}]},"16":{"type":"branch","line":94,"loc":{"start":{"line":94,"column":6},"end":{"line":96,"column":5}},"locations":[{"start":{"line":94,"column":6},"end":{"line":96,"column":5}}]},"17":{"type":"branch","line":70,"loc":{"start":{"line":70,"column":43},"end":{"line":70,"column":129}},"locations":[{"start":{"line":70,"column":43},"end":{"line":70,"column":129}}]},"18":{"type":"branch","line":70,"loc":{"start":{"line":70,"column":91},"end":{"line":70,"column":129}},"locations":[{"start":{"line":70,"column":91},"end":{"line":70,"column":129}}]},"19":{"type":"branch","line":77,"loc":{"start":{"line":77,"column":31},"end":{"line":90,"column":11}},"locations":[{"start":{"line":77,"column":31},"end":{"line":90,"column":11}}]},"20":{"type":"branch","line":87,"loc":{"start":{"line":87,"column":50},"end":{"line":87,"column":138}},"locations":[{"start":{"line":87,"column":50},"end":{"line":87,"column":138}}]},"21":{"type":"branch","line":87,"loc":{"start":{"line":87,"column":99},"end":{"line":87,"column":138}},"locations":[{"start":{"line":87,"column":99},"end":{"line":87,"column":138}}]}},"b":{"0":[3],"1":[3],"2":[2],"3":[1],"4":[1],"5":[2],"6":[3],"7":[2],"8":[1],"9":[1],"10":[1],"11":[1],"12":[1],"13":[1],"14":[1],"15":[2],"16":[1],"17":[12],"18":[6],"19":[2],"20":[10],"21":[0]},"fnMap":{"0":{"name":"CpuLoad","decl":{"start":{"line":11,"column":2},"end":{"line":13,"column":3}},"loc":{"start":{"line":11,"column":2},"end":{"line":13,"column":3}},"line":11},"1":{"name":"publishDiscovery","decl":{"start":{"line":15,"column":12},"end":{"line":52,"column":3}},"loc":{"start":{"line":15,"column":12},"end":{"line":52,"column":3}},"line":15},"2":{"name":"update","decl":{"start":{"line":54,"column":12},"end":{"line":97,"column":3}},"loc":{"start":{"line":54,"column":12},"end":{"line":97,"column":3}},"line":54}},"f":{"0":3,"1":3,"2":3}}
,"/home/mallanic/Projects/Nivuus/mqtt/src/features/cpu/CpuTemperature.ts": {"path":"/home/mallanic/Projects/Nivuus/mqtt/src/features/cpu/CpuTemperature.ts","all":false,"statementMap":{"0":{"start":{"line":1,"column":0},"end":{"line":1,"column":37}},"1":{"start":{"line":2,"column":0},"end":{"line":2,"column":0}},"2":{"start":{"line":3,"column":0},"end":{"line":3,"column":53}},"3":{"start":{"line":4,"column":0},"end":{"line":4,"column":46}},"4":{"start":{"line":5,"column":0},"end":{"line":5,"column":40}},"5":{"start":{"line":6,"column":0},"end":{"line":6,"column":40}},"6":{"start":{"line":7,"column":0},"end":{"line":7,"column":0}},"7":{"start":{"line":8,"column":0},"end":{"line":8,"column":49}},"8":{"start":{"line":9,"column":0},"end":{"line":9,"column":80}},"9":{"start":{"line":10,"column":0},"end":{"line":10,"column":35}},"10":{"start":{"line":11,"column":0},"end":{"line":11,"column":3}},"11":{"start":{"line":12,"column":0},"end":{"line":12,"column":0}},"12":{"start":{"line":13,"column":0},"end":{"line":13,"column":53}},"13":{"start":{"line":14,"column":0},"end":{"line":14,"column":50}},"14":{"start":{"line":15,"column":0},"end":{"line":15,"column":0}},"15":{"start":{"line":16,"column":0},"end":{"line":16,"column":35}},"16":{"start":{"line":17,"column":0},"end":{"line":17,"column":25}},"17":{"start":{"line":18,"column":0},"end":{"line":18,"column":30}},"18":{"start":{"line":19,"column":0},"end":{"line":19,"column":70}},"19":{"start":{"line":20,"column":0},"end":{"line":20,"column":32}},"20":{"start":{"line":21,"column":0},"end":{"line":21,"column":34}},"21":{"start":{"line":22,"column":0},"end":{"line":22,"column":50}},"22":{"start":{"line":23,"column":0},"end":{"line":23,"column":84}},"23":{"start":{"line":24,"column":0},"end":{"line":24,"column":85}},"24":{"start":{"line":25,"column":0},"end":{"line":25,"column":6}},"25":{"start":{"line":26,"column":0},"end":{"line":26,"column":92}},"26":{"start":{"line":27,"column":0},"end":{"line":27,"column":0}},"27":{"start":{"line":28,"column":0},"end":{"line":28,"column":43}},"28":{"start":{"line":29,"column":0},"end":{"line":29,"column":9}},"29":{"start":{"line":30,"column":0},"end":{"line":30,"column":52}},"30":{"start":{"line":31,"column":0},"end":{"line":31,"column":62}},"31":{"start":{"line":32,"column":0},"end":{"line":32,"column":56}},"32":{"start":{"line":33,"column":0},"end":{"line":33,"column":83}},"33":{"start":{"line":34,"column":0},"end":{"line":34,"column":33}},"34":{"start":{"line":35,"column":0},"end":{"line":35,"column":56}},"35":{"start":{"line":36,"column":0},"end":{"line":36,"column":91}},"36":{"start":{"line":37,"column":0},"end":{"line":37,"column":40}},"37":{"start":{"line":38,"column":0},"end":{"line":38,"column":42}},"38":{"start":{"line":39,"column":0},"end":{"line":39,"column":58}},"39":{"start":{"line":40,"column":0},"end":{"line":40,"column":92}},"40":{"start":{"line":41,"column":0},"end":{"line":41,"column":14}},"41":{"start":{"line":42,"column":0},"end":{"line":42,"column":113}},"42":{"start":{"line":43,"column":0},"end":{"line":43,"column":11}},"43":{"start":{"line":44,"column":0},"end":{"line":44,"column":11}},"44":{"start":{"line":45,"column":0},"end":{"line":45,"column":7}},"45":{"start":{"line":46,"column":0},"end":{"line":46,"column":43}},"46":{"start":{"line":47,"column":0},"end":{"line":47,"column":111}},"47":{"start":{"line":48,"column":0},"end":{"line":48,"column":64}},"48":{"start":{"line":49,"column":0},"end":{"line":49,"column":59}},"49":{"start":{"line":50,"column":0},"end":{"line":50,"column":36}},"50":{"start":{"line":51,"column":0},"end":{"line":51,"column":35}},"51":{"start":{"line":52,"column":0},"end":{"line":52,"column":58}},"52":{"start":{"line":53,"column":0},"end":{"line":53,"column":93}},"53":{"start":{"line":54,"column":0},"end":{"line":54,"column":40}},"54":{"start":{"line":55,"column":0},"end":{"line":55,"column":42}},"55":{"start":{"line":56,"column":0},"end":{"line":56,"column":58}},"56":{"start":{"line":57,"column":0},"end":{"line":57,"column":60}},"57":{"start":{"line":58,"column":0},"end":{"line":58,"column":14}},"58":{"start":{"line":59,"column":0},"end":{"line":59,"column":117}},"59":{"start":{"line":60,"column":0},"end":{"line":60,"column":11}},"60":{"start":{"line":61,"column":0},"end":{"line":61,"column":11}},"61":{"start":{"line":62,"column":0},"end":{"line":62,"column":72}},"62":{"start":{"line":63,"column":0},"end":{"line":63,"column":78}},"63":{"start":{"line":64,"column":0},"end":{"line":64,"column":31}},"64":{"start":{"line":65,"column":0},"end":{"line":65,"column":43}},"65":{"start":{"line":66,"column":0},"end":{"line":66,"column":78}},"66":{"start":{"line":67,"column":0},"end":{"line":67,"column":36}},"67":{"start":{"line":68,"column":0},"end":{"line":68,"column":38}},"68":{"start":{"line":69,"column":0},"end":{"line":69,"column":54}},"69":{"start":{"line":70,"column":0},"end":{"line":70,"column":56}},"70":{"start":{"line":71,"column":0},"end":{"line":71,"column":10}},"71":{"start":{"line":72,"column":0},"end":{"line":72,"column":102}},"72":{"start":{"line":73,"column":0},"end":{"line":73,"column":7}},"73":{"start":{"line":74,"column":0},"end":{"line":74,"column":21}},"74":{"start":{"line":75,"column":0},"end":{"line":75,"column":97}},"75":{"start":{"line":76,"column":0},"end":{"line":76,"column":57}},"76":{"start":{"line":77,"column":0},"end":{"line":77,"column":5}},"77":{"start":{"line":78,"column":0},"end":{"line":78,"column":41}},"78":{"start":{"line":79,"column":0},"end":{"line":79,"column":3}},"79":{"start":{"line":80,"column":0},"end":{"line":80,"column":0}},"80":{"start":{"line":81,"column":0},"end":{"line":81,"column":43}},"81":{"start":{"line":82,"column":0},"end":{"line":82,"column":9}},"82":{"start":{"line":83,"column":0},"end":{"line":83,"column":45}},"83":{"start":{"line":84,"column":0},"end":{"line":84,"column":0}},"84":{"start":{"line":85,"column":0},"end":{"line":85,"column":95}},"85":{"start":{"line":86,"column":0},"end":{"line":86,"column":41}},"86":{"start":{"line":87,"column":0},"end":{"line":87,"column":51}},"87":{"start":{"line":88,"column":0},"end":{"line":88,"column":29}},"88":{"start":{"line":89,"column":0},"end":{"line":89,"column":55}},"89":{"start":{"line":90,"column":0},"end":{"line":90,"column":69}},"90":{"start":{"line":91,"column":0},"end":{"line":91,"column":90}},"91":{"start":{"line":92,"column":0},"end":{"line":92,"column":40}},"92":{"start":{"line":93,"column":0},"end":{"line":93,"column":78}},"93":{"start":{"line":94,"column":0},"end":{"line":94,"column":84}},"94":{"start":{"line":95,"column":0},"end":{"line":95,"column":9}},"95":{"start":{"line":96,"column":0},"end":{"line":96,"column":7}},"96":{"start":{"line":97,"column":0},"end":{"line":97,"column":0}},"97":{"start":{"line":98,"column":0},"end":{"line":98,"column":30}},"98":{"start":{"line":99,"column":0},"end":{"line":99,"column":93}},"99":{"start":{"line":100,"column":0},"end":{"line":100,"column":14}},"100":{"start":{"line":101,"column":0},"end":{"line":101,"column":83}},"101":{"start":{"line":102,"column":0},"end":{"line":102,"column":87}},"102":{"start":{"line":103,"column":0},"end":{"line":103,"column":7}},"103":{"start":{"line":104,"column":0},"end":{"line":104,"column":0}},"104":{"start":{"line":105,"column":0},"end":{"line":105,"column":48}},"105":{"start":{"line":106,"column":0},"end":{"line":106,"column":67}},"106":{"start":{"line":107,"column":0},"end":{"line":107,"column":92}},"107":{"start":{"line":108,"column":0},"end":{"line":108,"column":0}},"108":{"start":{"line":109,"column":0},"end":{"line":109,"column":0}},"109":{"start":{"line":110,"column":0},"end":{"line":110,"column":48}},"110":{"start":{"line":111,"column":0},"end":{"line":111,"column":26}},"111":{"start":{"line":112,"column":0},"end":{"line":112,"column":53}},"112":{"start":{"line":113,"column":0},"end":{"line":113,"column":36}},"113":{"start":{"line":114,"column":0},"end":{"line":114,"column":112}},"114":{"start":{"line":115,"column":0},"end":{"line":115,"column":13}},"115":{"start":{"line":116,"column":0},"end":{"line":116,"column":12}},"116":{"start":{"line":117,"column":0},"end":{"line":117,"column":10}},"117":{"start":{"line":118,"column":0},"end":{"line":118,"column":7}},"118":{"start":{"line":119,"column":0},"end":{"line":119,"column":50}},"119":{"start":{"line":120,"column":0},"end":{"line":120,"column":26}},"120":{"start":{"line":121,"column":0},"end":{"line":121,"column":56}},"121":{"start":{"line":122,"column":0},"end":{"line":122,"column":38}},"122":{"start":{"line":123,"column":0},"end":{"line":123,"column":116}},"123":{"start":{"line":124,"column":0},"end":{"line":124,"column":13}},"124":{"start":{"line":125,"column":0},"end":{"line":125,"column":12}},"125":{"start":{"line":126,"column":0},"end":{"line":126,"column":10}},"126":{"start":{"line":127,"column":0},"end":{"line":127,"column":37}},"127":{"start":{"line":128,"column":0},"end":{"line":128,"column":99}},"128":{"start":{"line":129,"column":0},"end":{"line":129,"column":97}},"129":{"start":{"line":130,"column":0},"end":{"line":130,"column":7}},"130":{"start":{"line":131,"column":0},"end":{"line":131,"column":21}},"131":{"start":{"line":132,"column":0},"end":{"line":132,"column":85}},"132":{"start":{"line":133,"column":0},"end":{"line":133,"column":5}},"133":{"start":{"line":134,"column":0},"end":{"line":134,"column":3}},"134":{"start":{"line":135,"column":0},"end":{"line":135,"column":1}}},"s":{"0":1,"1":1,"2":1,"3":1,"4":1,"5":1,"6":1,"7":1,"8":1,"9":4,"10":4,"11":1,"12":1,"13":4,"14":4,"15":4,"16":4,"17":4,"18":4,"19":4,"20":4,"21":4,"22":4,"23":4,"24":4,"25":4,"26":4,"27":4,"28":4,"29":4,"30":4,"31":2,"32":3,"33":3,"34":3,"35":3,"36":3,"37":3,"38":3,"39":3,"40":3,"41":3,"42":3,"43":2,"44":2,"45":3,"46":3,"47":4,"48":0,"49":0,"50":0,"51":0,"52":0,"53":0,"54":0,"55":0,"56":0,"57":0,"58":0,"59":0,"60":0,"61":4,"62":2,"63":2,"64":2,"65":2,"66":2,"67":2,"68":2,"69":2,"70":2,"71":2,"72":2,"73":4,"74":1,"75":1,"76":1,"77":4,"78":4,"79":1,"80":1,"81":4,"82":4,"83":3,"84":3,"85":3,"86":4,"87":2,"88":4,"89":1,"90":1,"91":1,"92":1,"93":1,"94":1,"95":1,"96":3,"97":3,"98":3,"99":4,"100":0,"101":0,"102":0,"103":3,"104":3,"105":3,"106":3,"107":3,"108":3,"109":4,"110":2,"111":2,"112":3,"113":3,"114":3,"115":2,"116":2,"117":2,"118":4,"119":0,"120":0,"121":0,"122":0,"123":0,"124":0,"125":0,"126":4,"127":3,"128":3,"129":3,"130":4,"131":1,"132":1,"133":4,"134":1},"branchMap":{"0":{"type":"branch","line":9,"loc":{"start":{"line":9,"column":2},"end":{"line":11,"column":3}},"locations":[{"start":{"line":9,"column":2},"end":{"line":11,"column":3}}]},"1":{"type":"branch","line":13,"loc":{"start":{"line":13,"column":12},"end":{"line":79,"column":3}},"locations":[{"start":{"line":13,"column":12},"end":{"line":79,"column":3}}]},"2":{"type":"branch","line":31,"loc":{"start":{"line":31,"column":-1},"end":{"line":31,"column":59}},"locations":[{"start":{"line":31,"column":-1},"end":{"line":31,"column":59}}]},"3":{"type":"branch","line":31,"loc":{"start":{"line":31,"column":61},"end":{"line":45,"column":7}},"locations":[{"start":{"line":31,"column":61},"end":{"line":45,"column":7}}]},"4":{"type":"branch","line":46,"loc":{"start":{"line":46,"column":-1},"end":{"line":48,"column":32}},"locations":[{"start":{"line":46,"column":-1},"end":{"line":48,"column":32}}]},"5":{"type":"branch","line":48,"loc":{"start":{"line":48,"column":28},"end":{"line":48,"column":61}},"locations":[{"start":{"line":48,"column":28},"end":{"line":48,"column":61}}]},"6":{"type":"branch","line":48,"loc":{"start":{"line":48,"column":63},"end":{"line":62,"column":7}},"locations":[{"start":{"line":48,"column":63},"end":{"line":62,"column":7}}]},"7":{"type":"branch","line":62,"loc":{"start":{"line":62,"column":7},"end":{"line":73,"column":7}},"locations":[{"start":{"line":62,"column":7},"end":{"line":73,"column":7}}]},"8":{"type":"branch","line":62,"loc":{"start":{"line":62,"column":71},"end":{"line":73,"column":7}},"locations":[{"start":{"line":62,"column":71},"end":{"line":73,"column":7}}]},"9":{"type":"branch","line":74,"loc":{"start":{"line":74,"column":6},"end":{"line":77,"column":5}},"locations":[{"start":{"line":74,"column":6},"end":{"line":77,"column":5}}]},"10":{"type":"branch","line":32,"loc":{"start":{"line":32,"column":34},"end":{"line":44,"column":9}},"locations":[{"start":{"line":32,"column":34},"end":{"line":44,"column":9}}]},"11":{"type":"branch","line":81,"loc":{"start":{"line":81,"column":12},"end":{"line":134,"column":3}},"locations":[{"start":{"line":81,"column":12},"end":{"line":134,"column":3}}]},"12":{"type":"branch","line":84,"loc":{"start":{"line":84,"column":-1},"end":{"line":87,"column":48}},"locations":[{"start":{"line":84,"column":-1},"end":{"line":87,"column":48}}]},"13":{"type":"branch","line":87,"loc":{"start":{"line":87,"column":50},"end":{"line":89,"column":7}},"locations":[{"start":{"line":87,"column":50},"end":{"line":89,"column":7}}]},"14":{"type":"branch","line":89,"loc":{"start":{"line":89,"column":7},"end":{"line":96,"column":7}},"locations":[{"start":{"line":89,"column":7},"end":{"line":96,"column":7}}]},"15":{"type":"branch","line":97,"loc":{"start":{"line":97,"column":-1},"end":{"line":100,"column":7}},"locations":[{"start":{"line":97,"column":-1},"end":{"line":100,"column":7}}]},"16":{"type":"branch","line":100,"loc":{"start":{"line":100,"column":7},"end":{"line":103,"column":7}},"locations":[{"start":{"line":100,"column":7},"end":{"line":103,"column":7}}]},"17":{"type":"branch","line":104,"loc":{"start":{"line":104,"column":-1},"end":{"line":110,"column":45}},"locations":[{"start":{"line":104,"column":-1},"end":{"line":110,"column":45}}]},"18":{"type":"branch","line":110,"loc":{"start":{"line":110,"column":47},"end":{"line":118,"column":7}},"locations":[{"start":{"line":110,"column":47},"end":{"line":118,"column":7}}]},"19":{"type":"branch","line":119,"loc":{"start":{"line":119,"column":-1},"end":{"line":119,"column":25}},"locations":[{"start":{"line":119,"column":-1},"end":{"line":119,"column":25}}]},"20":{"type":"branch","line":119,"loc":{"start":{"line":119,"column":21},"end":{"line":119,"column":47}},"locations":[{"start":{"line":119,"column":21},"end":{"line":119,"column":47}}]},"21":{"type":"branch","line":119,"loc":{"start":{"line":119,"column":49},"end":{"line":127,"column":7}},"locations":[{"start":{"line":119,"column":49},"end":{"line":127,"column":7}}]},"22":{"type":"branch","line":127,"loc":{"start":{"line":127,"column":7},"end":{"line":130,"column":7}},"locations":[{"start":{"line":127,"column":7},"end":{"line":130,"column":7}}]},"23":{"type":"branch","line":131,"loc":{"start":{"line":131,"column":6},"end":{"line":133,"column":5}},"locations":[{"start":{"line":131,"column":6},"end":{"line":133,"column":5}}]},"24":{"type":"branch","line":91,"loc":{"start":{"line":91,"column":49},"end":{"line":91,"column":76}},"locations":[{"start":{"line":91,"column":49},"end":{"line":91,"column":76}}]},"25":{"type":"branch","line":112,"loc":{"start":{"line":112,"column":25},"end":{"line":116,"column":11}},"locations":[{"start":{"line":112,"column":25},"end":{"line":116,"column":11}}]}},"b":{"0":[4],"1":[4],"2":[3],"3":[2],"4":[3],"5":[2],"6":[0],"7":[3],"8":[2],"9":[1],"10":[3],"11":[4],"12":[3],"13":[2],"14":[1],"15":[3],"16":[0],"17":[3],"18":[2],"19":[3],"20":[2],"21":[0],"22":[3],"23":[1],"24":[1],"25":[3]},"fnMap":{"0":{"name":"CpuTemperature","decl":{"start":{"line":9,"column":2},"end":{"line":11,"column":3}},"loc":{"start":{"line":9,"column":2},"end":{"line":11,"column":3}},"line":9},"1":{"name":"publishDiscovery","decl":{"start":{"line":13,"column":12},"end":{"line":79,"column":3}},"loc":{"start":{"line":13,"column":12},"end":{"line":79,"column":3}},"line":13},"2":{"name":"update","decl":{"start":{"line":81,"column":12},"end":{"line":134,"column":3}},"loc":{"start":{"line":81,"column":12},"end":{"line":134,"column":3}},"line":81}},"f":{"0":4,"1":4,"2":4}}
,"/home/mallanic/Projects/Nivuus/mqtt/src/utils/exec.ts": {"path":"/home/mallanic/Projects/Nivuus/mqtt/src/utils/exec.ts","all":false,"statementMap":{"0":{"start":{"line":1,"column":0},"end":{"line":1,"column":20}},"1":{"start":{"line":2,"column":0},"end":{"line":2,"column":47}},"2":{"start":{"line":3,"column":0},"end":{"line":3,"column":30}},"3":{"start":{"line":4,"column":0},"end":{"line":4,"column":0}},"4":{"start":{"line":5,"column":0},"end":{"line":5,"column":25}},"5":{"start":{"line":6,"column":0},"end":{"line":6,"column":17}},"6":{"start":{"line":7,"column":0},"end":{"line":7,"column":17}},"7":{"start":{"line":8,"column":0},"end":{"line":8,"column":26}},"8":{"start":{"line":9,"column":0},"end":{"line":9,"column":1}},"9":{"start":{"line":10,"column":0},"end":{"line":10,"column":0}},"10":{"start":{"line":11,"column":0},"end":{"line":11,"column":27}},"11":{"start":{"line":12,"column":0},"end":{"line":12,"column":21}},"12":{"start":{"line":13,"column":0},"end":{"line":13,"column":1}},"13":{"start":{"line":14,"column":0},"end":{"line":14,"column":0}},"14":{"start":{"line":15,"column":0},"end":{"line":15,"column":53}},"15":{"start":{"line":16,"column":0},"end":{"line":16,"column":68}},"16":{"start":{"line":17,"column":0},"end":{"line":17,"column":34}},"17":{"start":{"line":18,"column":0},"end":{"line":18,"column":9}},"18":{"start":{"line":19,"column":0},"end":{"line":19,"column":17}},"19":{"start":{"line":20,"column":0},"end":{"line":20,"column":10}},"20":{"start":{"line":21,"column":0},"end":{"line":21,"column":14}},"21":{"start":{"line":22,"column":0},"end":{"line":22,"column":13}},"22":{"start":{"line":23,"column":0},"end":{"line":23,"column":15}},"23":{"start":{"line":24,"column":0},"end":{"line":24,"column":12}},"24":{"start":{"line":25,"column":0},"end":{"line":25,"column":8}},"25":{"start":{"line":26,"column":0},"end":{"line":26,"column":12}},"26":{"start":{"line":27,"column":0},"end":{"line":27,"column":8}},"27":{"start":{"line":28,"column":0},"end":{"line":28,"column":12}},"28":{"start":{"line":29,"column":0},"end":{"line":29,"column":9}},"29":{"start":{"line":30,"column":0},"end":{"line":30,"column":10}},"30":{"start":{"line":31,"column":0},"end":{"line":31,"column":9}},"31":{"start":{"line":32,"column":0},"end":{"line":32,"column":10}},"32":{"start":{"line":33,"column":0},"end":{"line":33,"column":10}},"33":{"start":{"line":34,"column":0},"end":{"line":34,"column":9}},"34":{"start":{"line":35,"column":0},"end":{"line":35,"column":13}},"35":{"start":{"line":36,"column":0},"end":{"line":36,"column":12}},"36":{"start":{"line":37,"column":0},"end":{"line":37,"column":18}},"37":{"start":{"line":38,"column":0},"end":{"line":38,"column":12}},"38":{"start":{"line":39,"column":0},"end":{"line":39,"column":10}},"39":{"start":{"line":40,"column":0},"end":{"line":40,"column":8}},"40":{"start":{"line":41,"column":0},"end":{"line":41,"column":10}},"41":{"start":{"line":42,"column":0},"end":{"line":42,"column":8}},"42":{"start":{"line":43,"column":0},"end":{"line":43,"column":9}},"43":{"start":{"line":44,"column":0},"end":{"line":44,"column":11}},"44":{"start":{"line":45,"column":0},"end":{"line":45,"column":8}},"45":{"start":{"line":46,"column":0},"end":{"line":46,"column":7}},"46":{"start":{"line":47,"column":0},"end":{"line":47,"column":15}},"47":{"start":{"line":48,"column":0},"end":{"line":48,"column":12}},"48":{"start":{"line":49,"column":0},"end":{"line":49,"column":14}},"49":{"start":{"line":50,"column":0},"end":{"line":50,"column":14}},"50":{"start":{"line":51,"column":0},"end":{"line":51,"column":10}},"51":{"start":{"line":52,"column":0},"end":{"line":52,"column":12}},"52":{"start":{"line":53,"column":0},"end":{"line":53,"column":2}},"53":{"start":{"line":54,"column":0},"end":{"line":54,"column":0}},"54":{"start":{"line":55,"column":0},"end":{"line":55,"column":3}},"55":{"start":{"line":56,"column":0},"end":{"line":56,"column":56}},"56":{"start":{"line":57,"column":0},"end":{"line":57,"column":2}},"57":{"start":{"line":58,"column":0},"end":{"line":58,"column":77}},"58":{"start":{"line":59,"column":0},"end":{"line":59,"column":76}},"59":{"start":{"line":60,"column":0},"end":{"line":60,"column":79}},"60":{"start":{"line":61,"column":0},"end":{"line":61,"column":70}},"61":{"start":{"line":62,"column":0},"end":{"line":62,"column":77}},"62":{"start":{"line":63,"column":0},"end":{"line":63,"column":74}},"63":{"start":{"line":64,"column":0},"end":{"line":64,"column":71}},"64":{"start":{"line":65,"column":0},"end":{"line":65,"column":73}},"65":{"start":{"line":66,"column":0},"end":{"line":66,"column":2}},"66":{"start":{"line":67,"column":0},"end":{"line":67,"column":41}},"67":{"start":{"line":68,"column":0},"end":{"line":68,"column":55}},"68":{"start":{"line":69,"column":0},"end":{"line":69,"column":3}},"69":{"start":{"line":70,"column":0},"end":{"line":70,"column":53}},"70":{"start":{"line":71,"column":0},"end":{"line":71,"column":40}},"71":{"start":{"line":72,"column":0},"end":{"line":72,"column":0}},"72":{"start":{"line":73,"column":0},"end":{"line":73,"column":52}},"73":{"start":{"line":74,"column":0},"end":{"line":74,"column":84}},"74":{"start":{"line":75,"column":0},"end":{"line":75,"column":1}},"75":{"start":{"line":76,"column":0},"end":{"line":76,"column":0}},"76":{"start":{"line":77,"column":0},"end":{"line":77,"column":3}},"77":{"start":{"line":78,"column":0},"end":{"line":78,"column":28}},"78":{"start":{"line":79,"column":0},"end":{"line":79,"column":48}},"79":{"start":{"line":80,"column":0},"end":{"line":80,"column":95}},"80":{"start":{"line":81,"column":0},"end":{"line":81,"column":87}},"81":{"start":{"line":82,"column":0},"end":{"line":82,"column":62}},"82":{"start":{"line":83,"column":0},"end":{"line":83,"column":3}},"83":{"start":{"line":84,"column":0},"end":{"line":84,"column":129}},"84":{"start":{"line":85,"column":0},"end":{"line":85,"column":39}},"85":{"start":{"line":86,"column":0},"end":{"line":86,"column":35}},"86":{"start":{"line":87,"column":0},"end":{"line":87,"column":78}},"87":{"start":{"line":88,"column":0},"end":{"line":88,"column":31}},"88":{"start":{"line":89,"column":0},"end":{"line":89,"column":28}},"89":{"start":{"line":90,"column":0},"end":{"line":90,"column":17}},"90":{"start":{"line":91,"column":0},"end":{"line":91,"column":27}},"91":{"start":{"line":92,"column":0},"end":{"line":92,"column":50}},"92":{"start":{"line":93,"column":0},"end":{"line":93,"column":7}},"93":{"start":{"line":94,"column":0},"end":{"line":94,"column":3}},"94":{"start":{"line":95,"column":0},"end":{"line":95,"column":0}},"95":{"start":{"line":96,"column":0},"end":{"line":96,"column":66}},"96":{"start":{"line":97,"column":0},"end":{"line":97,"column":0}},"97":{"start":{"line":98,"column":0},"end":{"line":98,"column":35}},"98":{"start":{"line":99,"column":0},"end":{"line":99,"column":40}},"99":{"start":{"line":100,"column":0},"end":{"line":100,"column":25}},"100":{"start":{"line":101,"column":0},"end":{"line":101,"column":43}},"101":{"start":{"line":102,"column":0},"end":{"line":102,"column":28}},"102":{"start":{"line":103,"column":0},"end":{"line":103,"column":47}},"103":{"start":{"line":104,"column":0},"end":{"line":104,"column":35}},"104":{"start":{"line":105,"column":0},"end":{"line":105,"column":18}},"105":{"start":{"line":106,"column":0},"end":{"line":106,"column":27}},"106":{"start":{"line":107,"column":0},"end":{"line":107,"column":98}},"107":{"start":{"line":108,"column":0},"end":{"line":108,"column":16}},"108":{"start":{"line":109,"column":0},"end":{"line":109,"column":125}},"109":{"start":{"line":110,"column":0},"end":{"line":110,"column":9}},"110":{"start":{"line":111,"column":0},"end":{"line":111,"column":89}},"111":{"start":{"line":112,"column":0},"end":{"line":112,"column":15}},"112":{"start":{"line":113,"column":0},"end":{"line":113,"column":7}},"113":{"start":{"line":114,"column":0},"end":{"line":114,"column":84}},"114":{"start":{"line":115,"column":0},"end":{"line":115,"column":47}},"115":{"start":{"line":116,"column":0},"end":{"line":116,"column":7}},"116":{"start":{"line":117,"column":0},"end":{"line":117,"column":0}},"117":{"start":{"line":118,"column":0},"end":{"line":118,"column":72}},"118":{"start":{"line":119,"column":0},"end":{"line":119,"column":27}},"119":{"start":{"line":120,"column":0},"end":{"line":120,"column":35}},"120":{"start":{"line":121,"column":0},"end":{"line":121,"column":47}},"121":{"start":{"line":122,"column":0},"end":{"line":122,"column":13}},"122":{"start":{"line":123,"column":0},"end":{"line":123,"column":40}},"123":{"start":{"line":124,"column":0},"end":{"line":124,"column":21}},"124":{"start":{"line":125,"column":0},"end":{"line":125,"column":42}},"125":{"start":{"line":126,"column":0},"end":{"line":126,"column":9}},"126":{"start":{"line":127,"column":0},"end":{"line":127,"column":27}},"127":{"start":{"line":128,"column":0},"end":{"line":128,"column":0}},"128":{"start":{"line":129,"column":0},"end":{"line":129,"column":37}},"129":{"start":{"line":130,"column":0},"end":{"line":130,"column":37}},"130":{"start":{"line":131,"column":0},"end":{"line":131,"column":9}},"131":{"start":{"line":132,"column":0},"end":{"line":132,"column":5}},"132":{"start":{"line":133,"column":0},"end":{"line":133,"column":5}},"133":{"start":{"line":134,"column":0},"end":{"line":134,"column":1}},"134":{"start":{"line":135,"column":0},"end":{"line":135,"column":0}},"135":{"start":{"line":136,"column":0},"end":{"line":136,"column":3}},"136":{"start":{"line":137,"column":0},"end":{"line":137,"column":64}},"137":{"start":{"line":138,"column":0},"end":{"line":138,"column":2}},"138":{"start":{"line":139,"column":0},"end":{"line":139,"column":79}},"139":{"start":{"line":140,"column":0},"end":{"line":140,"column":80}},"140":{"start":{"line":141,"column":0},"end":{"line":141,"column":78}},"141":{"start":{"line":142,"column":0},"end":{"line":142,"column":78}},"142":{"start":{"line":143,"column":0},"end":{"line":143,"column":79}},"143":{"start":{"line":144,"column":0},"end":{"line":144,"column":2}},"144":{"start":{"line":145,"column":0},"end":{"line":145,"column":80}},"145":{"start":{"line":146,"column":0},"end":{"line":146,"column":2}},"146":{"start":{"line":147,"column":0},"end":{"line":147,"column":81}},"147":{"start":{"line":148,"column":0},"end":{"line":148,"column":84}},"148":{"start":{"line":149,"column":0},"end":{"line":149,"column":60}},"149":{"start":{"line":150,"column":0},"end":{"line":150,"column":3}},"150":{"start":{"line":151,"column":0},"end":{"line":151,"column":112}},"151":{"start":{"line":152,"column":0},"end":{"line":152,"column":44}},"152":{"start":{"line":153,"column":0},"end":{"line":153,"column":0}},"153":{"start":{"line":154,"column":0},"end":{"line":154,"column":79}},"154":{"start":{"line":155,"column":0},"end":{"line":155,"column":0}},"155":{"start":{"line":156,"column":0},"end":{"line":156,"column":35}},"156":{"start":{"line":157,"column":0},"end":{"line":157,"column":47}},"157":{"start":{"line":158,"column":0},"end":{"line":158,"column":25}},"158":{"start":{"line":159,"column":0},"end":{"line":159,"column":43}},"159":{"start":{"line":160,"column":0},"end":{"line":160,"column":28}},"160":{"start":{"line":161,"column":0},"end":{"line":161,"column":47}},"161":{"start":{"line":162,"column":0},"end":{"line":162,"column":35}},"162":{"start":{"line":163,"column":0},"end":{"line":163,"column":18}},"163":{"start":{"line":164,"column":0},"end":{"line":164,"column":103}},"164":{"start":{"line":165,"column":0},"end":{"line":165,"column":30}},"165":{"start":{"line":166,"column":0},"end":{"line":166,"column":113}},"166":{"start":{"line":167,"column":0},"end":{"line":167,"column":16}},"167":{"start":{"line":168,"column":0},"end":{"line":168,"column":143}},"168":{"start":{"line":169,"column":0},"end":{"line":169,"column":9}},"169":{"start":{"line":170,"column":0},"end":{"line":170,"column":79}},"170":{"start":{"line":171,"column":0},"end":{"line":171,"column":79}},"171":{"start":{"line":172,"column":0},"end":{"line":172,"column":79}},"172":{"start":{"line":173,"column":0},"end":{"line":173,"column":46}},"173":{"start":{"line":174,"column":0},"end":{"line":174,"column":15}},"174":{"start":{"line":175,"column":0},"end":{"line":175,"column":7}},"175":{"start":{"line":176,"column":0},"end":{"line":176,"column":99}},"176":{"start":{"line":177,"column":0},"end":{"line":177,"column":47}},"177":{"start":{"line":178,"column":0},"end":{"line":178,"column":7}},"178":{"start":{"line":179,"column":0},"end":{"line":179,"column":0}},"179":{"start":{"line":180,"column":0},"end":{"line":180,"column":72}},"180":{"start":{"line":181,"column":0},"end":{"line":181,"column":27}},"181":{"start":{"line":182,"column":0},"end":{"line":182,"column":35}},"182":{"start":{"line":183,"column":0},"end":{"line":183,"column":47}},"183":{"start":{"line":184,"column":0},"end":{"line":184,"column":13}},"184":{"start":{"line":185,"column":0},"end":{"line":185,"column":40}},"185":{"start":{"line":186,"column":0},"end":{"line":186,"column":21}},"186":{"start":{"line":187,"column":0},"end":{"line":187,"column":42}},"187":{"start":{"line":188,"column":0},"end":{"line":188,"column":9}},"188":{"start":{"line":189,"column":0},"end":{"line":189,"column":27}},"189":{"start":{"line":190,"column":0},"end":{"line":190,"column":0}},"190":{"start":{"line":191,"column":0},"end":{"line":191,"column":37}},"191":{"start":{"line":192,"column":0},"end":{"line":192,"column":37}},"192":{"start":{"line":193,"column":0},"end":{"line":193,"column":9}},"193":{"start":{"line":194,"column":0},"end":{"line":194,"column":5}},"194":{"start":{"line":195,"column":0},"end":{"line":195,"column":5}},"195":{"start":{"line":196,"column":0},"end":{"line":196,"column":1}}},"s":{"0":1,"1":1,"2":1,"3":1,"4":1,"5":1,"6":1,"7":1,"8":1,"9":1,"10":1,"11":1,"12":1,"13":1,"14":1,"15":1,"16":1,"17":1,"18":1,"19":1,"20":1,"21":1,"22":1,"23":1,"24":1,"25":1,"26":1,"27":1,"28":1,"29":1,"30":1,"31":1,"32":1,"33":1,"34":1,"35":1,"36":1,"37":1,"38":1,"39":1,"40":1,"41":1,"42":1,"43":1,"44":1,"45":1,"46":1,"47":1,"48":1,"49":1,"50":1,"51":1,"52":1,"53":1,"54":1,"55":1,"56":1,"57":1,"58":1,"59":1,"60":1,"61":1,"62":1,"63":1,"64":1,"65":1,"66":1,"67":1,"68":1,"69":0,"70":0,"71":0,"72":0,"73":0,"74":0,"75":1,"76":1,"77":1,"78":1,"79":1,"80":1,"81":1,"82":1,"83":0,"84":0,"85":0,"86":0,"87":0,"88":0,"89":0,"90":0,"91":0,"92":0,"93":0,"94":0,"95":0,"96":0,"97":0,"98":0,"99":0,"100":0,"101":0,"102":0,"103":0,"104":0,"105":0,"106":0,"107":0,"108":0,"109":0,"110":0,"111":0,"112":0,"113":0,"114":0,"115":0,"116":0,"117":0,"118":0,"119":0,"120":0,"121":0,"122":0,"123":0,"124":0,"125":0,"126":0,"127":0,"128":0,"129":0,"130":0,"131":0,"132":0,"133":0,"134":1,"135":1,"136":1,"137":1,"138":1,"139":1,"140":1,"141":1,"142":1,"143":1,"144":1,"145":1,"146":1,"147":1,"148":1,"149":1,"150":7,"151":7,"152":7,"153":7,"154":7,"155":7,"156":7,"157":7,"158":7,"159":7,"160":7,"161":7,"162":7,"163":2,"164":2,"165":0,"166":2,"167":2,"168":2,"169":2,"170":2,"171":2,"172":2,"173":2,"174":2,"175":5,"176":5,"177":7,"178":7,"179":7,"180":7,"181":6,"182":6,"183":0,"184":0,"185":0,"186":0,"187":
[...]
art":{"line":58,"column":10},"end":{"line":164,"column":3}},"locations":[{"start":{"line":58,"column":10},"end":{"line":164,"column":3}}]},"7":{"type":"branch","line":136,"loc":{"start":{"line":136,"column":26},"end":{"line":157,"column":7}},"locations":[{"start":{"line":136,"column":26},"end":{"line":157,"column":7}}]},"8":{"type":"branch","line":138,"loc":{"start":{"line":138,"column":29},"end":{"line":138,"column":84}},"locations":[{"start":{"line":138,"column":29},"end":{"line":138,"column":84}}]},"9":{"type":"branch","line":141,"loc":{"start":{"line":141,"column":-1},"end":{"line":142,"column":58}},"locations":[{"start":{"line":141,"column":-1},"end":{"line":142,"column":58}}]},"10":{"type":"branch","line":142,"loc":{"start":{"line":142,"column":60},"end":{"line":157,"column":7}},"locations":[{"start":{"line":142,"column":60},"end":{"line":157,"column":7}}]},"11":{"type":"branch","line":169,"loc":{"start":{"line":169,"column":10},"end":{"line":284,"column":3}},"locations":[{"start":{"line":169,"column":10},"end":{"line":284,"column":3}}]},"12":{"type":"branch","line":237,"loc":{"start":{"line":237,"column":16},"end":{"line":245,"column":7}},"locations":[{"start":{"line":237,"column":16},"end":{"line":245,"column":7}}]},"13":{"type":"branch","line":239,"loc":{"start":{"line":239,"column":19},"end":{"line":239,"column":61}},"locations":[{"start":{"line":239,"column":19},"end":{"line":239,"column":61}}]},"14":{"type":"branch","line":243,"loc":{"start":{"line":243,"column":-1},"end":{"line":245,"column":7}},"locations":[{"start":{"line":243,"column":-1},"end":{"line":245,"column":7}}]},"15":{"type":"branch","line":257,"loc":{"start":{"line":257,"column":19},"end":{"line":269,"column":7}},"locations":[{"start":{"line":257,"column":19},"end":{"line":269,"column":7}}]},"16":{"type":"branch","line":261,"loc":{"start":{"line":261,"column":41},"end":{"line":261,"column":101}},"locations":[{"start":{"line":261,"column":41},"end":{"line":261,"column":101}}]},"17":{"type":"branch","line":267,"loc":{"start":{"line":267,"column":-1},"end":{"line":269,"column":7}},"locations":[{"start":{"line":267,"column":-1},"end":{"line":269,"column":7}}]},"18":{"type":"branch","line":289,"loc":{"start":{"line":289,"column":10},"end":{"line":404,"column":3}},"locations":[{"start":{"line":289,"column":10},"end":{"line":404,"column":3}}]},"19":{"type":"branch","line":346,"loc":{"start":{"line":346,"column":19},"end":{"line":380,"column":7}},"locations":[{"start":{"line":346,"column":19},"end":{"line":380,"column":7}}]},"20":{"type":"branch","line":350,"loc":{"start":{"line":350,"column":32},"end":{"line":350,"column":86}},"locations":[{"start":{"line":350,"column":32},"end":{"line":350,"column":86}}]},"21":{"type":"branch","line":353,"loc":{"start":{"line":353,"column":46},"end":{"line":353,"column":88}},"locations":[{"start":{"line":353,"column":46},"end":{"line":353,"column":88}}]},"22":{"type":"branch","line":356,"loc":{"start":{"line":356,"column":-1},"end":{"line":357,"column":69}},"locations":[{"start":{"line":356,"column":-1},"end":{"line":357,"column":69}}]},"23":{"type":"branch","line":357,"loc":{"start":{"line":357,"column":70},"end":{"line":357,"column":98}},"locations":[{"start":{"line":357,"column":70},"end":{"line":357,"column":98}}]},"24":{"type":"branch","line":361,"loc":{"start":{"line":361,"column":-1},"end":{"line":380,"column":7}},"locations":[{"start":{"line":361,"column":-1},"end":{"line":380,"column":7}}]},"25":{"type":"branch","line":382,"loc":{"start":{"line":382,"column":22},"end":{"line":397,"column":7}},"locations":[{"start":{"line":382,"column":22},"end":{"line":397,"column":7}}]},"26":{"type":"branch","line":385,"loc":{"start":{"line":385,"column":25},"end":{"line":385,"column":73}},"locations":[{"start":{"line":385,"column":25},"end":{"line":385,"column":73}}]},"27":{"type":"branch","line":388,"loc":{"start":{"line":388,"column":-1},"end":{"line":397,"column":7}},"locations":[{"start":{"line":388,"column":-1},"end":{"line":397,"column":7}}]},"28":{"type":"branch","line":409,"loc":{"start":{"line":409,"column":10},"end":{"line":464,"column":3}},"locations":[{"start":{"line":409,"column":10},"end":{"line":464,"column":3}}]},"29":{"type":"branch","line":428,"loc":{"start":{"line":428,"column":23},"end":{"line":449,"column":7}},"locations":[{"start":{"line":428,"column":23},"end":{"line":449,"column":7}}]},"30":{"type":"branch","line":430,"loc":{"start":{"line":430,"column":36},"end":{"line":430,"column":84}},"locations":[{"start":{"line":430,"column":36},"end":{"line":430,"column":84}}]},"31":{"type":"branch","line":432,"loc":{"start":{"line":432,"column":50},"end":{"line":432,"column":92}},"locations":[{"start":{"line":432,"column":50},"end":{"line":432,"column":92}}]},"32":{"type":"branch","line":435,"loc":{"start":{"line":435,"column":-1},"end":{"line":449,"column":7}},"locations":[{"start":{"line":435,"column":-1},"end":{"line":449,"column":7}}]},"33":{"type":"branch","line":469,"loc":{"start":{"line":469,"column":10},"end":{"line":589,"column":3}},"locations":[{"start":{"line":469,"column":10},"end":{"line":589,"column":3}}]},"34":{"type":"branch","line":535,"loc":{"start":{"line":535,"column":16},"end":{"line":542,"column":7}},"locations":[{"start":{"line":535,"column":16},"end":{"line":542,"column":7}}]},"35":{"type":"branch","line":537,"loc":{"start":{"line":537,"column":21},"end":{"line":537,"column":65}},"locations":[{"start":{"line":537,"column":21},"end":{"line":537,"column":65}}]},"36":{"type":"branch","line":539,"loc":{"start":{"line":539,"column":-1},"end":{"line":542,"column":7}},"locations":[{"start":{"line":539,"column":-1},"end":{"line":542,"column":7}}]},"37":{"type":"branch","line":562,"loc":{"start":{"line":562,"column":21},"end":{"line":569,"column":7}},"locations":[{"start":{"line":562,"column":21},"end":{"line":569,"column":7}}]},"38":{"type":"branch","line":564,"loc":{"start":{"line":564,"column":21},"end":{"line":564,"column":65}},"locations":[{"start":{"line":564,"column":21},"end":{"line":564,"column":65}}]},"39":{"type":"branch","line":566,"loc":{"start":{"line":566,"column":-1},"end":{"line":569,"column":7}},"locations":[{"start":{"line":566,"column":-1},"end":{"line":569,"column":7}}]},"40":{"type":"branch","line":594,"loc":{"start":{"line":594,"column":10},"end":{"line":724,"column":3}},"locations":[{"start":{"line":594,"column":10},"end":{"line":724,"column":3}}]},"41":{"type":"branch","line":729,"loc":{"start":{"line":729,"column":10},"end":{"line":767,"column":3}},"locations":[{"start":{"line":729,"column":10},"end":{"line":767,"column":3}}]},"42":{"type":"branch","line":739,"loc":{"start":{"line":739,"column":17},"end":{"line":739,"column":40}},"locations":[{"start":{"line":739,"column":17},"end":{"line":739,"column":40}}]},"43":{"type":"branch","line":775,"loc":{"start":{"line":775,"column":10},"end":{"line":779,"column":3}},"locations":[{"start":{"line":775,"column":10},"end":{"line":779,"column":3}}]},"44":{"type":"branch","line":776,"loc":{"start":{"line":776,"column":34},"end":{"line":776,"column":119}},"locations":[{"start":{"line":776,"column":34},"end":{"line":776,"column":119}}]},"45":{"type":"branch","line":777,"loc":{"start":{"line":777,"column":-1},"end":{"line":777,"column":34}},"locations":[{"start":{"line":777,"column":-1},"end":{"line":777,"column":34}}]},"46":{"type":"branch","line":777,"loc":{"start":{"line":777,"column":34},"end":{"line":778,"column":42}},"locations":[{"start":{"line":777,"column":34},"end":{"line":778,"column":42}}]},"47":{"type":"branch","line":778,"loc":{"start":{"line":778,"column":42},"end":{"line":778,"column":139}},"locations":[{"start":{"line":778,"column":42},"end":{"line":778,"column":139}}]},"48":{"type":"branch","line":781,"loc":{"start":{"line":781,"column":10},"end":{"line":785,"column":3}},"locations":[{"start":{"line":781,"column":10},"end":{"line":785,"column":3}}]},"49":{"type":"branch","line":783,"loc":{"start":{"line":783,"column":36},"end":{"line":783,"column":127}},"locations":[{"start":{"line":783,"column":36},"end":{"line":783,"column":127}}]}},"b":{"0":[10],"1":[10],"2":[0],"3":[0],"4":[0],"5":[10],"6":[10],"7":[1],"8":[0],"9":[0],"10":[0],"11":[10],"12":[2],"13":[0],"14":[0],"15":[1],"16":[0],"17":[0],"18":[10],"19":[1],"20":[0],"21":[0],"22":[0],"23":[0],"24":[0],"25":[1],"26":[0],"27":[0],"28":[10],"29":[1],"30":[0],"31":[0],"32":[0],"33":[10],"34":[1],"35":[0],"36":[0],"37":[1],"38":[0],"39":[0],"40":[10],"41":[10],"42":[1],"43":[3],"44":[1],"45":[2],"46":[1],"47":[0],"48":[1],"49":[0]},"fnMap":{"0":{"name":"WizardHandler","decl":{"start":{"line":21,"column":2},"end":{"line":23,"column":3}},"loc":{"start":{"line":21,"column":2},"end":{"line":23,"column":3}},"line":21},"1":{"name":"handleCommand","decl":{"start":{"line":28,"column":9},"end":{"line":40,"column":3}},"loc":{"start":{"line":28,"column":9},"end":{"line":40,"column":3}},"line":28},"2":{"name":"registerHandlers","decl":{"start":{"line":45,"column":10},"end":{"line":53,"column":3}},"loc":{"start":{"line":45,"column":10},"end":{"line":53,"column":3}},"line":45},"3":{"name":"createNetworkHandlers","decl":{"start":{"line":58,"column":10},"end":{"line":164,"column":3}},"loc":{"start":{"line":58,"column":10},"end":{"line":164,"column":3}},"line":58},"4":{"name":"get_interfaces","decl":{"start":{"line":60,"column":22},"end":{"line":128,"column":7}},"loc":{"start":{"line":60,"column":22},"end":{"line":128,"column":7}},"line":60},"5":{"name":"get_zones","decl":{"start":{"line":130,"column":17},"end":{"line":134,"column":7}},"loc":{"start":{"line":130,"column":17},"end":{"line":134,"column":7}},"line":130},"6":{"name":"set_interface_zone","decl":{"start":{"line":136,"column":26},"end":{"line":157,"column":7}},"loc":{"start":{"line":136,"column":26},"end":{"line":157,"column":7}},"line":136},"7":{"name":"get_status","decl":{"start":{"line":159,"column":18},"end":{"line":162,"column":7}},"loc":{"start":{"line":159,"column":18},"end":{"line":162,"column":7}},"line":159},"8":{"name":"createFirewallHandlers","decl":{"start":{"line":169,"column":10},"end":{"line":284,"column":3}},"loc":{"start":{"line":169,"column":10},"end":{"line":284,"column":3}},"line":169},"9":{"name":"list_zones","decl":{"start":{"line":171,"column":18},"end":{"line":175,"column":7}},"loc":{"start":{"line":171,"column":18},"end":{"line":175,"column":7}},"line":171},"10":{"name":"get_zone_details","decl":{"start":{"line":177,"column":24},"end":{"line":190,"column":7}},"loc":{"start":{"line":177,"column":24},"end":{"line":190,"column":7}},"line":177},"11":{"name":"get_rules","decl":{"start":{"line":192,"column":17},"end":{"line":235,"column":7}},"loc":{"start":{"line":192,"column":17},"end":{"line":235,"column":7}},"line":192},"12":{"name":"add_port","decl":{"start":{"line":237,"column":16},"end":{"line":245,"column":7}},"loc":{"start":{"line":237,"column":16},"end":{"line":245,"column":7}},"line":237},"13":{"name":"remove_port","decl":{"start":{"line":247,"column":19},"end":{"line":255,"column":7}},"loc":{"start":{"line":247,"column":19},"end":{"line":255,"column":7}},"line":247},"14":{"name":"add_forward","decl":{"start":{"line":257,"column":19},"end":{"line":269,"column":7}},"loc":{"start":{"line":257,"column":19},"end":{"line":269,"column":7}},"line":257},"15":{"name":"remove_forward","decl":{"start":{"line":271,"column":22},"end":{"line":282,"column":7}},"loc":{"start":{"line":271,"column":22},"end":{"line":282,"column":7}},"line":271},"16":{"name":"createWifiHandlers","decl":{"start":{"line":289,"column":10},"end":{"line":404,"column":3}},"loc":{"start":{"line":289,"column":10},"end":{"line":404,"column":3}},"line":289},"17":{"name":"get_networks","decl":{"start":{"line":293,"column":20},"end":{"line":344,"column":7}},"loc":{"start":{"line":293,"column":20},"end":{"line":344,"column":7}},"line":293},"18":{"name":"add_network","decl":{"start":{"line":346,"column":19},"end":{"line":380,"column":7}},"loc":{"start":{"line":346,"column":19},"end":{"line":380,"column":7}},"line":346},"19":{"name":"delete_network","decl":{"start":{"line":382,"column":22},"end":{"line":397,"column":7}},"loc":{"start":{"line":382,"column":22},"end":{"line":397,"column":7}},"line":382},"20":{"name":"reload","decl":{"start":{"line":399,"column":14},"end":{"line":402,"column":7}},"loc":{"start":{"line":399,"column":14},"end":{"line":402,"column":7}},"line":399},"21":{"name":"createPppoeHandlers","decl":{"start":{"line":409,"column":10},"end":{"line":464,"column":3}},"loc":{"start":{"line":409,"column":10},"end":{"line":464,"column":3}},"line":409},"22":{"name":"get_credentials","decl":{"start":{"line":413,"column":23},"end":{"line":426,"column":7}},"loc":{"start":{"line":413,"column":23},"end":{"line":426,"column":7}},"line":413},"23":{"name":"set_credentials","decl":{"start":{"line":428,"column":23},"end":{"line":449,"column":7}},"loc":{"start":{"line":428,"column":23},"end":{"line":449,"column":7}},"line":428},"24":{"name":"restart","decl":{"start":{"line":451,"column":15},"end":{"line":456,"column":7}},"loc":{"start":{"line":451,"column":15},"end":{"line":456,"column":7}},"line":451},"25":{"name":"test_connection","decl":{"start":{"line":458,"column":23},"end":{"line":462,"column":7}},"loc":{"start":{"line":458,"column":23},"end":{"line":462,"column":7}},"line":458},"26":{"name":"createVmHandlers","decl":{"start":{"line":469,"column":10},"end":{"line":589,"column":3}},"loc":{"start":{"line":469,"column":10},"end":{"line":589,"column":3}},"line":469},"27":{"name":"list_vms","decl":{"start":{"line":471,"column":16},"end":{"line":524,"column":7}},"loc":{"start":{"line":471,"column":16},"end":{"line":524,"column":7}},"line":471},"28":{"name":"get_state","decl":{"start":{"line":526,"column":17},"end":{"line":533,"column":7}},"loc":{"start":{"line":526,"column":17},"end":{"line":533,"column":7}},"line":526},"29":{"name":"start_vm","decl":{"start":{"line":535,"column":16},"end":{"line":542,"column":7}},"loc":{"start":{"line":535,"column":16},"end":{"line":542,"column":7}},"line":535},"30":{"name":"stop_vm","decl":{"start":{"line":544,"column":15},"end":{"line":551,"column":7}},"loc":{"start":{"line":544,"column":15},"end":{"line":551,"column":7}},"line":544},"31":{"name":"restart_vm","decl":{"start":{"line":553,"column":18},"end":{"line":560,"column":7}},"loc":{"start":{"line":553,"column":18},"end":{"line":560,"column":7}},"line":553},"32":{"name":"force_stop_vm","decl":{"start":{"line":562,"column":21},"end":{"line":569,"column":7}},"loc":{"start":{"line":562,"column":21},"end":{"line":569,"column":7}},"line":562},"33":{"name":"pause_vm","decl":{"start":{"line":571,"column":16},"end":{"line":578,"column":7}},"loc":{"start":{"line":571,"column":16},"end":{"line":578,"column":7}},"line":571},"34":{"name":"resume_vm","decl":{"start":{"line":580,"column":17},"end":{"line":587,"column":7}},"loc":{"start":{"line":580,"column":17},"end":{"line":587,"column":7}},"line":580},"35":{"name":"createSystemHandlers","decl":{"start":{"line":594,"column":10},"end":{"line":724,"column":3}},"loc":{"start":{"line":594,"column":10},"end":{"line":724,"column":3}},"line":594},"36":{"name":"get_info","decl":{"start":{"line":599,"column":16},"end":{"line":637,"column":7}},"loc":{"start":{"line":599,"column":16},"end":{"line":637,"column":7}},"line":599},"37":{"name":"get_status","decl":{"start":{"line":639,"column":18},"end":{"line":709,"column":7}},"loc":{"start":{"line":639,"column":18},"end":{"line":709,"column":7}},"line":639},"38":{"name":"check_updates","decl":{"start":{"line":711,"column":21},"end":{"line":717,"column":7}},"loc":{"start":{"line":711,"column":21},"end":{"line":717,"column":7}},"line":711},"39":{"name":"apply_updates","decl":{"start":{"line":719,"column":21},"end":{"line":722,"column":7}},"loc":{"start":{"line":719,"column":21},"end":{"line":722,"column":7}},"line":719},"40":{"name":"createWizardHandlers","decl":{"start":{"line":729,"column":10},"end":{"line":767,"column":3}},"loc":{"start":{"line":729,"column":10},"end":{"line":767,"column":3}},"line":729},"41":{"name":"get_state","decl":{"start":{"line":739,"column":17},"end":{"line":739,"column":40}},"loc":{"start":{"line":739,"column":17},"end":{"line":739,"column":40}},"line":739},"42":{"name":"set_step","decl":{"start":{"line":741,"column":16},"end":{"line":750,"column":7}},"loc":{"start":{"line":741,"column":16},"end":{"line":750,"column":7}},"line":741},"43":{"name":"complete","decl":{"start":{"line":752,"column":16},"end":{"line":755,"column":7}},"loc":{"start":{"line":752,"column":16},"end":{"line":755,"column":7}},"line":752},"44":{"name":"reset","decl":{"start":{"line":757,"column":13},"end":{"line":765,"column":7}},"loc":{"start":{"line":757,"column":13},"end":{"line":765,"column":7}},"line":757},"45":{"name":"assertPortInputs","decl":{"start":{"line":775,"column":10},"end":{"line":779,"column":3}},"loc":{"start":{"line":775,"column":10},"end":{"line":779,"column":3}},"line":775},"46":{"name":"assertForwardInputs","decl":{"start":{"line":781,"column":10},"end":{"line":785,"column":3}},"loc":{"start":{"line":781,"column":10},"end":{"line":785,"column":3}},"line":781},"47":{"name":"writeRootFile","decl":{"start":{"line":789,"column":10},"end":{"line":794,"column":3}},"loc":{"start":{"line":789,"column":10},"end":{"line":794,"column":3}},"line":789},"48":{"name":"getZonePortForwards","decl":{"start":{"line":796,"column":10},"end":{"line":811,"column":3}},"loc":{"start":{"line":796,"column":10},"end":{"line":811,"column":3}},"line":796},"49":{"name":"getZoneServices","decl":{"start":{"line":813,"column":10},"end":{"line":817,"column":3}},"loc":{"start":{"line":813,"column":10},"end":{"line":817,"column":3}},"line":813},"50":{"name":"getZonePorts","decl":{"start":{"line":819,"column":10},"end":{"line":823,"column":3}},"loc":{"start":{"line":819,"column":10},"end":{"line":823,"column":3}},"line":819},"51":{"name":"getZoneMasquerade","decl":{"start":{"line":825,"column":10},"end":{"line":828,"column":3}},"loc":{"start":{"line":825,"column":10},"end":{"line":828,"column":3}},"line":825},"52":{"name":"getZoneTarget","decl":{"start":{"line":830,"column":10},"end":{"line":833,"column":3}},"loc":{"start":{"line":830,"column":10},"end":{"line":833,"column":3}},"line":830},"53":{"name":"parseActiveZones","decl":{"start":{"line":835,"column":10},"end":{"line":859,"column":3}},"loc":{"start":{"line":835,"column":10},"end":{"line":859,"column":3}},"line":835},"54":{"name":"extractHostapdValue","decl":{"start":{"line":861,"column":10},"end":{"line":864,"column":3}},"loc":{"start":{"line":861,"column":10},"end":{"line":864,"column":3}},"line":861},"55":{"name":"updateHostapdValue","decl":{"start":{"line":866,"column":10},"end":{"line":872,"column":3}},"loc":{"start":{"line":866,"column":10},"end":{"line":872,"column":3}},"line":866},"56":{"name":"getSecurityConfig","decl":{"start":{"line":874,"column":10},"end":{"line":886,"column":3}},"loc":{"start":{"line":874,"column":10},"end":{"line":886,"column":3}},"line":874},"57":{"name":"extractIniValue","decl":{"start":{"line":888,"column":10},"end":{"line":896,"column":3}},"loc":{"start":{"line":888,"column":10},"end":{"line":896,"column":3}},"line":888},"58":{"name":"updateIniValue","decl":{"start":{"line":898,"column":10},"end":{"line":906,"column":3}},"loc":{"start":{"line":898,"column":10},"end":{"line":906,"column":3}},"line":898},"59":{"name":"formatBytes","decl":{"start":{"line":908,"column":10},"end":{"line":919,"column":3}},"loc":{"start":{"line":908,"column":10},"end":{"line":919,"column":3}},"line":908}},"f":{"0":10,"1":10,"2":10,"3":10,"4":0,"5":0,"6":1,"7":0,"8":10,"9":0,"10":0,"11":0,"12":2,"13":0,"14":1,"15":0,"16":10,"17":0,"18":1,"19":1,"20":0,"21":10,"22":0,"23":1,"24":0,"25":0,"26":10,"27":0,"28":0,"29":1,"30":0,"31":0,"32":1,"33":0,"34":0,"35":10,"36":0,"37":0,"38":0,"39":0,"40":10,"41":1,"42":0,"43":0,"44":0,"45":3,"46":1,"47":0,"48":0,"49":0,"50":0,"51":0,"52":0,"53":0,"54":0,"55":0,"56":0,"57":0,"58":0,"59":0}}
}
