TN:
SF:src/config.ts
FN:22,ConfigManager
FN:47,getInstance
FN:54,validateAndMergeDefaults
FN:107,getMinimalDefaultConfig
FN:131,getFeatureConfig
FN:144,initializeConfigManager
FN:160,getConfigManager
FNF:7
FNH:0
FNDA:0,ConfigManager
FNDA:0,getInstance
FNDA:0,validateAndMergeDefaults
FNDA:0,getMinimalDefaultConfig
FNDA:0,getFeatureConfig
FNDA:0,initializeConfigManager
FNDA:0,getConfigManager
DA:1,1
DA:2,1
DA:3,1
DA:4,1
DA:5,1
DA:6,1
DA:7,1
DA:8,1
DA:9,1
DA:10,1
DA:11,1
DA:12,1
DA:13,1
DA:14,1
DA:15,1
DA:16,1
DA:17,1
DA:18,1
DA:19,1
DA:20,1
DA:21,1
DA:22,1
DA:23,0
DA:24,0
DA:25,0
DA:26,0
DA:27,0
DA:28,0
DA:29,0
DA:30,0
DA:31,0
DA:32,0
DA:33,0
DA:34,0
DA:35,0
DA:36,0
DA:37,0
DA:38,0
DA:39,0
DA:40,0
DA:41,0
DA:42,0
DA:43,0
DA:44,0
DA:45,0
DA:46,1
DA:47,1
DA:48,0
DA:49,0
DA:50,0
DA:51,0
DA:52,0
DA:53,1
DA:54,1
DA:55,0
DA:56,0
DA:57,0
DA:58,0
DA:59,0
DA:60,0
DA:61,0
DA:62,0
DA:63,0
DA:64,0
DA:65,0
DA:66,0
DA:67,0
DA:68,0
DA:69,0
DA:70,0
DA:71,0
DA:72,0
DA:73,0
DA:74,0
DA:75,0
DA:76,0
DA:77,0
DA:78,0
DA:79,0
DA:80,0
DA:81,0
DA:82,0
DA:83,0
DA:84,0
DA:85,0
DA:86,0
DA:87,0
DA:88,0
DA:89,0
DA:90,0
DA:91,0
DA:92,0
DA:93,0
DA:94,0
DA:95,0
DA:96,0
DA:97,0
DA:98,0
DA:99,0
DA:100,0
DA:101,0
DA:102,0
DA:103,0
DA:104,0
DA:105,0
DA:106,1
DA:107,1
DA:108,0
DA:109,0
DA:110,0
DA:111,0
DA:112,0
DA:113,0
DA:114,0
DA:115,0
DA:116,0
DA:117,0
DA:118,0
DA:119,0
DA:120,0
DA:121,0
DA:122,0
DA:123,0
DA:124,0
DA:125,0
DA:126,0
DA:127,0
DA:128,0
DA:129,0
DA:130,1
DA:131,1
DA:132,0
DA:133,0
DA:134,1
DA:135,1
DA:136,1
DA:137,1
DA:138,1
DA:139,1
DA:140,1
DA:141,1
DA:142,1
DA:143,1
DA:144,0
DA:145,0
DA:146,0
DA:147,0
DA:148,0
DA:149,0
DA:150,0
DA:151,0
DA:152,0
DA:153,1
DA:154,1
DA:155,1
DA:156,1
DA:157,1
DA:158,1
DA:159,1
DA:160,0
DA:161,0
DA:162,0
DA:163,0
DA:164,0
DA:165,0
DA:166,0
DA:167,0
DA:168,0
LF:168
LH:47
BRF:0
BRH:0
end_of_record
TN:
SF:src/core/BaseFeature.ts
FN:24,BaseFeature
FN:43,get featureName
FN:47,start
FN:91,stop
FN:117,setup
FN:124,cleanup
FN:134,publishEntityDiscovery
FN:164,prefixTopic
FN:171,publishState
FN:183,publishAttributes
FNF:10
FNH:10
FNDA:7,BaseFeature
FNDA:52,get featureName
FNDA:7,start
FNDA:7,stop
FNDA:7,setup
FNDA:7,cleanup
FNDA:14,publishEntityDiscovery
FNDA:66,prefixTopic
FNDA:13,publishState
FNDA:7,publishAttributes
DA:1,1
DA:2,1
DA:3,1
DA:4,1
DA:5,1
DA:6,1
DA:7,1
DA:8,1
DA:9,1
DA:10,1
DA:11,1
DA:12,1
DA:13,1
DA:14,1
DA:15,1
DA:16,1
DA:17,1
DA:18,1
DA:19,1
DA:20,1
DA:21,1
DA:22,1
DA:23,1
DA:24,1
DA:25,7
DA:26,7
DA:27,7
DA:28,7
DA:29,7
DA:30,7
DA:31,7
DA:32,7
DA:33,7
DA:34,7
DA:35,7
DA:36,1
DA:37,1
DA:38,1
DA:39,1
DA:40,1
DA:41,1
DA:42,1
DA:43,1
DA:44,52
DA:45,52
DA:46,1
DA:47,1
DA:48,7
DA:49,0
DA:50,0
DA:51,0
DA:52,7
DA:53,7
DA:54,7
DA:55,0
DA:56,0
DA:57,7
DA:58,7
DA:59,7
DA:60,7
DA:61,7
DA:62,7
DA:63,7
DA:64,7
DA:65,7
DA:66,7
DA:67,7
DA:68,7
DA:69,0
DA:70,0
DA:71,0
DA:72,0
DA:73,0
DA:74,0
DA:75,7
DA:76,7
DA:77,7
DA:78,7
DA:79,7
DA:80,7
DA:81,7
DA:82,0
DA:83,0
DA:84,7
DA:85,1
DA:86,1
DA:87,1
DA:88,1
DA:89,1
DA:90,1
DA:91,1
DA:92,7
DA:93,7
DA:94,7
DA:95,7
DA:96,7
DA:97,7
DA:98,7
DA:99,1
DA:100,1
DA:101,1
DA:102,1
DA:103,1
DA:104,1
DA:105,1
DA:106,1
DA:107,1
DA:108,1
DA:109,1
DA:110,1
DA:111,1
DA:112,1
DA:113,1
DA:114,1
DA:115,1
DA:116,1
DA:117,1
DA:118,7
DA:119,7
DA:120,1
DA:121,1
DA:122,1
DA:123,1
DA:124,1
DA:125,7
DA:126,7
DA:127,1
DA:128,1
DA:129,1
DA:130,1
DA:131,1
DA:132,1
DA:133,1
DA:134,1
DA:135,14
DA:136,14
DA:137,14
DA:138,14
DA:139,14
DA:140,14
DA:141,14
DA:142,14
DA:143,14
DA:144,14
DA:145,14
DA:146,14
DA:147,14
DA:148,14
DA:149,14
DA:150,14
DA:151,14
DA:152,14
DA:153,14
DA:154,14
DA:155,14
DA:156,14
DA:157,14
DA:158,14
DA:159,14
DA:160,0
DA:161,0
DA:162,14
DA:163,1
DA:164,1
DA:165,66
DA:166,23
DA:167,23
DA:168,43
DA:169,43
DA:170,1
DA:171,1
DA:172,13
DA:173,13
DA:174,13
DA:175,13
DA:176,13
DA:177,13
DA:178,13
DA:179,0
DA:180,0
DA:181,13
DA:182,1
DA:183,1
DA:184,7
DA:185,7
DA:186,7
DA:187,7
DA:188,7
DA:189,7
DA:190,7
DA:191,0
DA:192,0
DA:193,7
DA:194,1
LF:194
LH:175
BRDA:24,0,0,7
BRDA:31,1,0,0
BRDA:43,2,0,52
BRDA:47,3,0,7
BRDA:48,4,0,0
BRDA:54,5,0,0
BRDA:81,6,0,0
BRDA:91,7,0,7
BRDA:117,8,0,7
BRDA:124,9,0,7
BRDA:134,10,0,14
BRDA:135,11,0,0
BRDA:142,12,0,0
BRDA:148,13,0,0
BRDA:149,14,0,9
BRDA:149,15,0,5
BRDA:150,16,0,0
BRDA:159,17,0,0
BRDA:153,18,0,182
BRDA:153,19,0,19
BRDA:164,20,0,66
BRDA:165,21,0,23
BRDA:168,22,0,43
BRDA:171,23,0,13
BRDA:172,24,0,0
BRDA:178,25,0,0
BRDA:183,26,0,7
BRDA:184,27,0,0
BRDA:190,28,0,0
BRF:29
BRH:16
end_of_record
TN:
SF:src/features/cpu/CpuLoad.ts
FN:11,CpuLoad
FN:15,publishDiscovery
FN:54,update
FNF:3
FNH:3
FNDA:3,CpuLoad
FNDA:3,publishDiscovery
FNDA:3,update
DA:1,1
DA:2,1
DA:3,1
DA:4,1
DA:5,1
DA:6,1
DA:7,1
DA:8,1
DA:9,1
DA:10,1
DA:11,1
DA:12,3
DA:13,3
DA:14,1
DA:15,1
DA:16,3
DA:17,3
DA:18,3
DA:19,3
DA:20,3
DA:21,3
DA:22,3
DA:23,3
DA:24,3
DA:25,3
DA:26,3
DA:27,3
DA:28,3
DA:29,3
DA:30,3
DA:31,3
DA:32,3
DA:33,3
DA:34,3
DA:35,1
DA:36,2
DA:37,2
DA:38,2
DA:39,2
DA:40,2
DA:41,2
DA:42,2
DA:43,2
DA:44,2
DA:45,2
DA:46,1
DA:47,1
DA:48,3
DA:49,1
DA:50,1
DA:51,3
DA:52,3
DA:53,1
DA:54,1
DA:55,3
DA:56,3
DA:57,2
DA:58,2
DA:59,2
DA:60,2
DA:61,2
DA:62,2
DA:63,2
DA:64,2
DA:65,2
DA:66,2
DA:67,2
DA:68,2
DA:69,2
DA:70,2
DA:71,2
DA:72,2
DA:73,2
DA:74,2
DA:75,3
DA:76,1
DA:77,1
DA:78,2
DA:79,2
DA:80,2
DA:81,2
DA:82,2
DA:83,2
DA:84,2
DA:85,2
DA:86,2
DA:87,2
DA:88,2
DA:89,2
DA:90,1
DA:91,1
DA:92,1
DA:93,2
DA:94,3
DA:95,1
DA:96,1
DA:97,3
DA:98,1
LF:98
LH:98
BRDA:11,0,0,3
BRDA:15,1,0,3
BRDA:34,2,0,2
BRDA:34,3,0,1
BRDA:48,4,0,1
BRDA:35,5,0,2
BRDA:54,6,0,3
BRDA:57,7,0,2
BRDA:62,8,0,1
BRDA:63,9,0,1
BRDA:64,10,0,1
BRDA:65,11,0,1
BRDA:66,12,0,1
BRDA:67,13,0,1
BRDA:75,14,0,1
BRDA:93,15,0,2
BRDA:94,16,0,1
BRDA:70,17,0,12
BRDA:70,18,0,6
BRDA:77,19,0,2
BRDA:87,20,0,10
BRDA:87,21,0,0
BRF:22
BRH:21
end_of_record
TN:
SF:src/features/cpu/CpuTemperature.ts
FN:9,CpuTemperature
FN:13,publishDiscovery
FN:81,update
FNF:3
FNH:3
FNDA:4,CpuTemperature
FNDA:4,publishDiscovery
FNDA:4,update
DA:1,1
DA:2,1
DA:3,1
DA:4,1
DA:5,1
DA:6,1
DA:7,1
DA:8,1
DA:9,1
DA:10,4
DA:11,4
DA:12,1
DA:13,1
DA:14,4
DA:15,4
DA:16,4
DA:17,4
DA:18,4
DA:19,4
DA:20,4
DA:21,4
DA:22,4
DA:23,4
DA:24,4
DA:25,4
DA:26,4
DA:27,4
DA:28,4
DA:29,4
DA:30,4
DA:31,4
DA:32,2
DA:33,3
DA:34,3
DA:35,3
DA:36,3
DA:37,3
DA:38,3
DA:39,3
DA:40,3
DA:41,3
DA:42,3
DA:43,3
DA:44,2
DA:45,2
DA:46,3
DA:47,3
DA:48,4
DA:49,0
DA:50,0
DA:51,0
DA:52,0
DA:53,0
DA:54,0
DA:55,0
DA:56,0
DA:57,0
DA:58,0
DA:59,0
DA:60,0
DA:61,0
DA:62,4
DA:63,2
DA:64,2
DA:65,2
DA:66,2
DA:67,2
DA:68,2
DA:69,2
DA:70,2
DA:71,2
DA:72,2
DA:73,2
DA:74,4
DA:75,1
DA:76,1
DA:77,1
DA:78,4
DA:79,4
DA:80,1
DA:81,1
DA:82,4
DA:83,4
DA:84,3
DA:85,3
DA:86,3
DA:87,4
DA:88,2
DA:89,4
DA:90,1
DA:91,1
DA:92,1
DA:93,1
DA:94,1
DA:95,1
DA:96,1
DA:97,3
DA:98,3
DA:99,3
DA:100,4
DA:101,0
DA:102,0
DA:103,0
DA:104,3
DA:105,3
DA:106,3
DA:107,3
DA:108,3
DA:109,3
DA:110,4
DA:111,2
DA:112,2
DA:113,3
DA:114,3
DA:115,3
DA:116,2
DA:117,2
DA:118,2
DA:119,4
DA:120,0
DA:121,0
DA:122,0
DA:123,0
DA:124,0
DA:125,0
DA:126,0
DA:127,4
DA:128,3
DA:129,3
DA:130,3
DA:131,4
DA:132,1
DA:133,1
DA:134,4
DA:135,1
LF:135
LH:112
BRDA:9,0,0,4
BRDA:13,1,0,4
BRDA:31,2,0,3
BRDA:31,3,0,2
BRDA:46,4,0,3
BRDA:48,5,0,2
BRDA:48,6,0,0
BRDA:62,7,0,3
BRDA:62,8,0,2
BRDA:74,9,0,1
BRDA:32,10,0,3
BRDA:81,11,0,4
BRDA:84,12,0,3
BRDA:87,13,0,2
BRDA:89,14,0,1
BRDA:97,15,0,3
BRDA:100,16,0,0
BRDA:104,17,0,3
BRDA:110,18,0,2
BRDA:119,19,0,3
BRDA:119,20,0,2
BRDA:119,21,0,0
BRDA:127,22,0,3
BRDA:131,23,0,1
BRDA:91,24,0,1
BRDA:112,25,0,3
BRF:26
BRH:23
end_of_record
TN:
SF:src/utils/exec.ts
FN:70,isCommandAllowed
FN:84,execute_command
FN:151,execute_argv
FNF:3
FNH:1
FNDA:0,isCommandAllowed
FNDA:0,execute_command
FNDA:7,execute_argv
DA:1,1
DA:2,1
DA:3,1
DA:4,1
DA:5,1
DA:6,1
DA:7,1
DA:8,1
DA:9,1
DA:10,1
DA:11,1
DA:12,1
DA:13,1
DA:14,1
DA:15,1
DA:16,1
DA:17,1
DA:18,1
DA:19,1
DA:20,1
DA:21,1
DA:22,1
DA:23,1
DA:24,1
DA:25,1
DA:26,1
DA:27,1
DA:28,1
DA:29,1
DA:30,1
DA:31,1
DA:32,1
DA:33,1
DA:34,1
DA:35,1
DA:36,1
DA:37,1
DA:38,1
DA:39,1
DA:40,1
DA:41,1
DA:42,1
DA:43,1
DA:44,1
DA:45,1
DA:46,1
DA:47,1
DA:48,1
DA:49,1
DA:50,1
DA:51,1
DA:52,1
DA:53,1
DA:54,1
DA:55,1
DA:56,1
DA:57,1
DA:58,1
DA:59,1
DA:60,1
DA:61,1
DA:62,1
DA:63,1
DA:64,1
DA:65,1
DA:66,1
DA:67,1
DA:68,1
DA:69,1
DA:70,0
DA:71,0
DA:72,0
DA:73,0
DA:74,0
DA:75,0
DA:76,1
DA:77,1
DA:78,1
DA:79,1
DA:80,1
DA:81,1
DA:82,1
DA:83,1
DA:84,0
DA:85,0
DA:86,0
DA:87,0
DA:88,0
DA:89,0
DA:90,0
DA:91,0
DA:92,0
DA:93,0
DA:94,0
DA:95,0
DA:96,0
DA:97,0
DA:98,0
DA:99,0
DA:100,0
DA:101,0
DA:102,0
DA:103,0
DA:104,0
DA:105,0
DA:106,0
DA:107,0
DA:108,0
DA:109,0
DA:110,0
DA:111,0
DA:112,0
DA:113,0
DA:114,0
DA:115,0
DA:116,0
DA:117,0
DA:118,0
DA:119,0
DA:120,0
DA:121,0
DA:122,0
DA:123,0
DA:124,0
DA:125,0
DA:126,0
DA:127,0
DA:128,0
DA:129,0
DA:130,0
DA:131,0
DA:132,0
DA:133,0
DA:134,0
DA:135,1
DA:136,1
DA:137,1
DA:138,1
DA:139,1
DA:140,1
DA:141,1
DA:142,1
DA:143,1
DA:144,1
DA:145,1
DA:146,1
DA:147,1
DA:148,1
DA:149,1
DA:150,1
DA:151,7
DA:152,7
DA:153,7
DA:154,7
DA:155,7
DA:156,7
DA:157,7
DA:158,7
DA:159,7
DA:160,7
DA:161,7
DA:162,7
DA:163,7
DA:164,2
DA:165,2
DA:166,0
DA:167,2
DA:168,2
DA:169,2
DA:170,2
DA:171,2
DA:172,2
DA:173,2
DA:174,2
DA:175,2
DA:176,5
DA:177,5
DA:178,7
DA:179,7
DA:180,7
DA:181,7
DA:182,6
DA:183,6
DA:184,0
DA:185,0
DA:186,0
DA:187,0
DA:188,0
DA:189,6
DA:190,6
DA:191,6
DA:192,6
DA:193,6
DA:194,6
DA:195,7
DA:196,7
LF:196
LH:133
BRDA:151,0,0,7
BRDA:156,1,0,7
BRDA:181,2,0,6
BRDA:162,3,0,7
BRDA:163,4,0,2
BRDA:165,5,0,0
BRDA:172,6,0,1
BRDA:172,7,0,1
BRDA:176,8,0,5
BRDA:191,9,0,6
BRF:10
BRH:9
end_of_record
TN:
SF:src/utils/logger.ts
FN:23,getLogLevelFromString
FN:43,setLevel
FN:46,debug
FN:51,info
FN:56,warn
FN:61,error
FN:72,initializeLogger
FNF:7
FNH:4
FNDA:0,getLogLevelFromString
FNDA:0,setLevel
FNDA:47,debug
FNDA:21,info
FNDA:4,warn
FNDA:5,error
FNDA:0,initializeLogger
DA:1,1
DA:2,1
DA:3,1
DA:4,1
DA:5,5
DA:6,5
DA:7,5
DA:8,5
DA:9,5
DA:10,5
DA:11,5
DA:12,1
DA:13,1
DA:14,1
DA:15,1
DA:16,1
DA:17,1
DA:18,1
DA:19,1
DA:20,1
DA:21,1
DA:22,1
DA:23,1
DA:24,0
DA:25,0
DA:26,0
DA:27,0
DA:28,0
DA:29,0
DA:30,0
DA:31,0
DA:32,0
DA:33,0
DA:34,0
DA:35,0
DA:36,0
DA:37,0
DA:38,1
DA:39,1
DA:40,1
DA:41,1
DA:42,1
DA:43,1
DA:44,0
DA:45,1
DA:46,1
DA:47,47
DA:48,0
DA:49,0
DA:50,1
DA:51,1
DA:52,21
DA:53,21
DA:54,21
DA:55,1
DA:56,1
DA:57,4
DA:58,4
DA:59,4
DA:60,1
DA:61,1
DA:62,5
DA:63,5
DA:64,5
DA:65,1
DA:66,1
DA:67,1
DA:68,1
DA:69,1
DA:70,1
DA:71,1
DA:72,0
DA:73,0
DA:74,0
DA:75,0
DA:76,0
DA:77,0
DA:78,0
DA:79,0
DA:80,0
DA:81,0
DA:82,0
DA:83,0
DA:84,0
DA:85,0
DA:86,0
DA:87,0
DA:88,1
DA:89,1
DA:90,1
LF:90
LH:57
BRDA:5,0,0,5
BRDA:46,1,0,47
BRDA:47,2,0,0
BRDA:51,3,0,21
BRDA:56,4,0,4
BRDA:61,5,0,5
BRF:6
BRH:5
end_of_record
TN:
SF:src/utils/validators.ts
FN:40,isValidIPv4
FN:53,isValidSinglePort
FN:60,isZone
FN:63,isPort
FN:68,isSinglePort
FN:70,isProtocol
FN:72,isFirewallService
FN:74,isInterface
FN:76,isSystemdUnit
FN:78,isVmName
FN:80,isIPv4
FN:84,isConfigSafeLine
FN:91,rejectInvalid
FNF:13
FNH:12
FNDA:15,isValidIPv4
FNDA:9,isValidSinglePort
FNDA:15,isZone
FNDA:19,isPort
FNDA:0,isSinglePort
FNDA:14,isProtocol
FNDA:12,isFirewallService
FNDA:6,isInterface
FNDA:14,isSystemdUnit
FNDA:14,isVmName
FNDA:15,isIPv4
FNDA:7,isConfigSafeLine
FNDA:3,rejectInvalid
DA:1,1
DA:2,1
DA:3,1
DA:4,1
DA:5,1
DA:6,1
DA:7,1
DA:8,1
DA:9,1
DA:10,1
DA:11,1
DA:12,1
DA:13,1
DA:14,1
DA:15,1
DA:16,1
DA:17,1
DA:18,1
DA:19,1
DA:20,1
DA:21,1
DA:22,1
DA:23,1
DA:24,1
DA:25,1
DA:26,1
DA:27,1
DA:28,1
DA:29,1
DA:30,1
DA:31,1
DA:32,1
DA:33,1
DA:34,1
DA:35,1
DA:36,1
DA:37,1
DA:38,1
DA:39,1
DA:40,15
DA:41,15
DA:42,15
DA:43,4
DA:44,13
DA:45,12
DA:46,13
DA:47,4
DA:48,4
DA:49,1
DA:50,1
DA:51,1
DA:52,1
DA:53,9
DA:54,9
DA:55,9
DA:56,9
DA:57,9
DA:58,1
DA:59,1
DA:60,1
DA:61,1
DA:62,1
DA:63,1
DA:64,19
DA:65,8
DA:66,1
DA:67,1
DA:68,1
DA:69,1
DA:70,1
DA:71,1
DA:72,1
DA:73,1
DA:74,1
DA:75,1
DA:76,1
DA:77,1
DA:78,1
DA:79,1
DA:80,1
DA:81,1
DA:82,1
DA:83,1
DA:84,1
DA:85,1
DA:86,1
DA:87,1
DA:88,1
DA:89,1
DA:90,1
DA:91,3
DA:92,3
DA:93,3
DA:94,3
LF:94
LH:94
BRDA:40,0,0,15
BRDA:42,1,0,11
BRDA:43,2,0,4
BRDA:43,3,0,13
BRDA:44,4,0,1
BRDA:45,5,0,12
BRDA:53,6,0,9
BRDA:54,7,0,0
BRDA:56,8,0,8
BRDA:60,9,0,15
BRDA:60,10,0,14
BRDA:60,11,0,14
BRDA:60,12,0,6
BRDA:63,13,0,19
BRDA:64,14,0,11
BRDA:65,15,0,8
BRDA:70,16,0,14
BRDA:72,17,0,12
BRDA:72,18,0,11
BRDA:72,19,0,11
BRDA:72,20,0,4
BRDA:74,21,0,6
BRDA:74,22,0,4
BRDA:76,23,0,14
BRDA:76,24,0,13
BRDA:76,25,0,13
BRDA:76,26,0,3
BRDA:78,27,0,14
BRDA:78,28,0,13
BRDA:78,29,0,13
BRDA:78,30,0,5
BRDA:80,31,0,15
BRDA:84,32,0,7
BRDA:91,33,0,3
BRF:34
BRH:33
end_of_record
TN:
SF:src/websocket/WizardHandler.ts
FN:21,WizardHandler
FN:28,handleCommand
FN:45,registerHandlers
FN:58,createNetworkHandlers
FN:60,get_interfaces
FN:130,get_zones
FN:136,set_interface_zone
FN:159,get_status
FN:169,createFirewallHandlers
FN:171,list_zones
FN:177,get_zone_details
FN:192,get_rules
FN:237,add_port
FN:247,remove_port
FN:257,add_forward
FN:271,remove_forward
FN:289,createWifiHandlers
FN:293,get_networks
FN:346,add_network
FN:382,delete_network
FN:399,reload
FN:409,createPppoeHandlers
FN:413,get_credentials
FN:428,set_credentials
FN:451,restart
FN:458,test_connection
FN:469,createVmHandlers
FN:471,list_vms
FN:526,get_state
FN:535,start_vm
FN:544,stop_vm
FN:553,restart_vm
FN:562,force_stop_vm
FN:571,pause_vm
FN:580,resume_vm
FN:594,createSystemHandlers
FN:599,get_info
FN:639,get_status
FN:711,check_updates
FN:719,apply_updates
FN:729,createWizardHandlers
FN:739,get_state
FN:741,set_step
FN:752,complete
FN:757,reset
FN:775,assertPortInputs
FN:781,assertForwardInputs
FN:789,writeRootFile
FN:796,getZonePortForwards
FN:813,getZoneServices
FN:819,getZonePorts
FN:825,getZoneMasquerade
FN:830,getZoneTarget
FN:835,parseActiveZones
FN:861,extractHostapdValue
FN:866,updateHostapdValue
FN:874,getSecurityConfig
FN:888,extractIniValue
FN:898,updateIniValue
FN:908,formatBytes
FNF:60
FNH:21
FNDA:10,WizardHandler
FNDA:10,handleCommand
FNDA:10,registerHandlers
FNDA:10,createNetworkHandlers
FNDA:0,get_interfaces
FNDA:0,get_zones
FNDA:1,set_interface_zone
FNDA:0,get_status
FNDA:10,createFirewallHandlers
FNDA:0,list_zones
FNDA:0,get_zone_details
FNDA:0,get_rules
FNDA:2,add_port
FNDA:0,remove_port
FNDA:1,add_forward
FNDA:0,remove_forward
FNDA:10,createWifiHandlers
FNDA:0,get_networks
FNDA:1,add_network
FNDA:1,delete_network
FNDA:0,reload
FNDA:10,createPppoeHandlers
FNDA:0,get_credentials
FNDA:1,set_credentials
FNDA:0,restart
FNDA:0,test_connection
FNDA:10,createVmHandlers
FNDA:0,list_vms
FNDA:0,get_state
FNDA:1,start_vm
FNDA:0,stop_vm
FNDA:0,restart_vm
FNDA:1,force_stop_vm
FNDA:0,pause_vm
FNDA:0,resume_vm
FNDA:10,createSystemHandlers
FNDA:0,get_info
FNDA:0,get_status
FNDA:0,check_updates
FNDA:0,apply_updates
FNDA:10,createWizardHandlers
FNDA:1,get_state
FNDA:0,set_step
FNDA:0,complete
FNDA:0,reset
FNDA:3,assertPortInputs
FNDA:1,assertForwardInputs
FNDA:0,writeRootFile
FNDA:0,getZonePortForwards
FNDA:0,getZoneServices
FNDA:0,getZonePorts
FNDA:0,getZoneMasquerade
FNDA:0,getZoneTarget
FNDA:0,parseActiveZones
FNDA:0,extractHostapdValue
FNDA:0,updateHostapdValue
FNDA:0,getSecurityConfig
FNDA:0,extractIniValue
FNDA:0,updateIniValue
FNDA:0,formatBytes
DA:1,1
DA:2,1
DA:3,1
DA:4,1
DA:5,1
DA:6,1
DA:7,1
DA:8,1
DA:9,1
DA:10,1
DA:11,1
DA:12,1
DA:13,1
DA:14,1
DA:15,1
DA:16,1
DA:17,1
DA:18,1
DA:19,1
DA:20,1
DA:21,1
DA:22,10
DA:23,10
DA:24,1
DA:25,1
DA:26,1
DA:27,1
DA:28,1
DA:29,10
DA:30,10
DA:31,0
DA:32,0
DA:33,10
DA:34,10
DA:35,10
DA:36,0
DA:37,0
DA:38,10
DA:39,10
DA:40,10
DA:41,1
DA:42,1
DA:43,1
DA:44,1
DA:45,1
DA:46,10
DA:47,10
DA:48,10
DA:49,10
DA:50,10
DA:51,10
DA:52,10
DA:53,10
DA:54,1
DA:55,1
DA:56,1
DA:57,1
DA:58,1
DA:59,10
DA:60,10
DA:61,0
DA:62,0
DA:63,0
DA:64,0
DA:65,0
DA:66,0
DA:67,0
DA:68,0
DA:69,0
DA:70,0
DA:71,0
DA:72,0
DA:73,0
DA:74,0
DA:75,0
DA:76,0
DA:77,0
DA:78,0
DA:79,0
DA:80,0
DA:81,0
DA:82,0
DA:83,0
DA:84,0
DA:85,0
DA:86,0
DA:87,0
DA:88,0
DA:89,0
DA:90,0
DA:91,0
DA:92,0
DA:93,0
DA:94,0
DA:95,0
DA:96,0
DA:97,0
DA:98,0
DA:99,0
DA:100,0
DA:101,0
DA:102,0
DA:103,0
DA:104,0
DA:105,0
DA:106,0
DA:107,0
DA:108,0
DA:109,0
DA:110,0
DA:111,0
DA:112,0
DA:113,0
DA:114,0
DA:115,0
DA:116,0
DA:117,0
DA:118,0
DA:119,0
DA:120,0
DA:121,0
DA:122,0
DA:123,0
DA:124,0
DA:125,0
DA:126,0
DA:127,0
DA:128,10
DA:129,10
DA:130,10
DA:131,0
DA:132,0
DA:133,0
DA:134,10
DA:135,10
DA:136,10
DA:137,1
DA:138,1
DA:139,1
DA:140,1
DA:141,0
DA:142,1
DA:143,0
DA:144,0
DA:145,0
DA:146,0
DA:147,0
DA:148,0
DA:149,0
DA:150,0
DA:151,0
DA:152,0
DA:153,0
DA:154,0
DA:155,0
DA:156,0
DA:157,10
DA:158,10
DA:159,10
DA:160,0
DA:161,0
DA:162,10
DA:163,10
DA:164,10
DA:165,1
DA:166,1
DA:167,1
DA:168,1
DA:169,1
DA:170,10
DA:171,10
DA:172,0
DA:173,0
DA:174,0
DA:175,10
DA:176,10
DA:177,10
DA:178,0
DA:179,0
DA:180,0
DA:181,0
DA:182,0
DA:183,0
DA:184,0
DA:185,0
DA:186,0
DA:187,0
DA:188,0
DA:189,0
DA:190,10
DA:191,10
DA:192,10
DA:193,0
DA:194,0
DA:195,0
DA:196,0
DA:197,0
DA:198,0
DA:199,0
DA:200,0
DA:201,0
DA:202,0
DA:203,0
DA:204,0
DA:205,0
DA:206,0
DA:207,0
DA:208,0
DA:209,0
DA:210,0
DA:211,0
DA:212,0
DA:213,0
DA:214,0
DA:215,0
DA:216,0
DA:217,0
DA:218,0
DA:219,0
DA:220,0
DA:221,0
DA:222,0
DA:223,0
DA:224,0
DA:225,0
DA:226,0
DA:227,0
DA:228,0
DA:229,0
DA:230,0
DA:231,0
DA:232,0
DA:233,0
DA:234,0
DA:235,10
DA:236,10
DA:237,10
DA:238,2
DA:239,2
DA:240,2
DA:241,2
DA:242,2
DA:243,0
DA:244,0
DA:245,10
DA:246,10
DA:247,10
DA:248,0
DA:249,0
DA:250,0
DA:251,0
DA:252,0
DA:253,0
DA:254,0
DA:255,10
DA:256,10
DA:257,10
DA:258,1
DA:259,1
DA:260,1
DA:261,1
DA:262,1
DA:263,1
DA:264,1
DA:265,1
DA:266,1
DA:267,0
DA:268,0
DA:269,10
DA:270,10
DA:271,10
DA:272,0
DA:273,0
DA:274,0
DA:275,0
DA:276,0
DA:277,0
DA:278,0
DA:279,0
DA:280,0
DA:281,0
DA:282,10
DA:283,10
DA:284,10
DA:285,1
DA:286,1
DA:287,1
DA:288,1
DA:289,1
DA:290,10
DA:291,10
DA:292,10
DA:293,10
DA:294,0
DA:295,0
DA:296,0
DA:297,0
DA:298,0
DA:299,0
DA:300,0
DA:301,0
DA:302,0
DA:303,0
DA:304,0
DA:305,0
DA:306,0
DA:307,0
DA:308,0
DA:309,0
DA:310,0
DA:311,0
DA:312,0
DA:313,0
DA:314,0
DA:315,0
DA:316,0
DA:317,0
DA:318,0
DA:319,0
DA:320,0
DA:321,0
DA:322,0
DA:323,0
DA:324,0
DA:325,0
DA:326,0
DA:327,0
DA:328,0
DA:329,0
DA:330,0
DA:331,0
DA:332,0
DA:333,0
DA:334,0
DA:335,0
DA:336,0
DA:337,0
DA:338,0
DA:339,0
DA:340,0
DA:341,0
DA:342,0
DA:343,0
DA:344,10
DA:345,10
DA:346,10
DA:347,1
DA:348,1
DA:349,1
DA:350,1
DA:351,1
DA:352,1
DA:353,1
DA:354,1
DA:355,1
DA:356,0
DA:357,1
DA:358,1
DA:359,1
DA:360,1
DA:361,0
DA:362,0
DA:363,0
DA:364,0
DA:365,0
DA:366,0
DA:367,0
DA:368,0
DA:369,0
DA:370,0
DA:371,0
DA:372,0
DA:373,0
DA:374,0
DA:375,0
DA:376,0
DA:377,0
DA:378,0
DA:379,0
DA:380,10
DA:381,10
DA:382,10
DA:383,1
DA:384,1
DA:385,1
DA:386,1
DA:387,1
DA:388,0
DA:389,0
DA:390,0
DA:391,0
DA:392,0
DA:393,0
DA:394,0
DA:395,0
DA:396,0
DA:397,10
DA:398,10
DA:399,10
DA:400,0
DA:401,0
DA:402,10
DA:403,10
DA:404,10
DA:405,1
DA:406,1
DA:407,1
DA:408,1
DA:409,1
DA:410,10
DA:411,10
DA:412,10
DA:413,10
DA:414,0
DA:415,0
DA:416,0
DA:417,0
DA:418,0
DA:419,0
DA:420,0
DA:421,0
DA:422,0
DA:423,0
DA:424,0
DA:425,0
DA:426,10
DA:427,10
DA:428,10
DA:429,1
DA:430,1
DA:431,1
DA:432,1
DA:433,1
DA:434,1
DA:435,0
DA:436,0
DA:437,0
DA:438,0
DA:439,0
DA:440,0
DA:441,0
DA:442,0
DA:443,0
DA:444,0
DA:445,0
DA:446,0
DA:447,0
DA:448,0
DA:449,10
DA:450,10
DA:451,10
DA:452,0
DA:453,0
DA:454,0
DA:455,0
DA:456,10
DA:457,10
DA:458,10
DA:459,0
DA:460,0
DA:461,0
DA:462,10
DA:463,10
DA:464,10
DA:465,1
DA:466,1
DA:467,1
DA:468,1
DA:469,1
DA:470,10
DA:471,10
DA:472,0
DA:473,0
DA:474,0
DA:475,0
DA:476,0
DA:477,0
DA:478,0
DA:479,0
DA:480,0
DA:481,0
DA:482,0
DA:483,0
DA:484,0
DA:485,0
DA:486,0
DA:487,0
DA:488,0
DA:489,0
DA:490,0
DA:491,0
DA:492,0
DA:493,0
DA:494,0
DA:495,0
DA:496,0
DA:497,0
DA:498,0
DA:499,0
DA:500,0
DA:501,0
DA:502,0
DA:503,0
DA:504,0
DA:505,0
DA:506,0
DA:507,0
DA:508,0
DA:509,0
DA:510,0
DA:511,0
DA:512,0
DA:513,0
DA:514,0
DA:515,0
DA:516,0
DA:517,0
DA:518,0
DA:519,0
DA:520,0
DA:521,0
DA:522,0
DA:523,0
DA:524,10
DA:525,10
DA:526,10
DA:527,0
DA:528,0
DA:529,0
DA:530,0
DA:531,0
DA:532,0
DA:533,10
DA:534,10
DA:535,10
DA:536,1
DA:537,1
DA:538,1
DA:539,0
DA:540,0
DA:541,0
DA:542,10
DA:543,10
DA:544,10
DA:545,0
DA:546,0
DA:547,0
DA:548,0
DA:549,0
DA:550,0
DA:551,10
DA:552,10
DA:553,10
DA:554,0
DA:555,0
DA:556,0
DA:557,0
DA:558,0
DA:559,0
DA:560,10
DA:561,10
DA:562,10
DA:563,1
DA:564,1
DA:565,1
DA:566,0
DA:567,0
DA:568,0
DA:569,10
DA:570,10
DA:571,10
DA:572,0
DA:573,0
DA:574,0
DA:575,0
DA:576,0
DA:577,0
DA:578,10
DA:579,10
DA:580,10
DA:581,0
DA:582,0
DA:583,0
DA:584,0
DA:585,0
DA:586,0
DA:587,10
DA:588,10
DA:589,10
DA:590,1
DA:591,1
DA:592,1
DA:593,1
DA:594,1
DA:595,10
DA:596,10
DA:597,10
DA:598,10
DA:599,10
DA:600,0
DA:601,0
DA:602,0
DA:603,0
DA:604,0
DA:605,0
DA:606,0
DA:607,0
DA:608,0
DA:609,0
DA:610,0
DA:611,0
DA:612,0
DA:613,0
DA:614,0
DA:615,0
DA:616,0
DA:617,0
DA:618,0
DA:619,0
DA:620,0
DA:621,0
DA:622,0
DA:623,0
DA:624,0
DA:625,0
DA:626,0
DA:627,0
DA:628,0
DA:629,0
DA:630,0
DA:631,0
DA:632,0
DA:633,0
DA:634,0
DA:635,0
DA:636,0
DA:637,10
DA:638,10
DA:639,10
DA:640,0
DA:641,0
DA:642,0
DA:643,0
DA:644,0
DA:645,0
DA:646,0
DA:647,0
DA:648,0
DA:649,0
DA:650,0
DA:651,0
DA:652,0
DA:653,0
DA:654,0
DA:655,0
DA:656,0
DA:657,0
DA:658,0
DA:659,0
DA:660,0
DA:661,0
DA:662,0
DA:663,0
DA:664,0
DA:665,0
DA:666,0
DA:667,0
DA:668,0
DA:669,0
DA:670,0
DA:671,0
DA:672,0
DA:673,0
DA:674,0
DA:675,0
DA:676,0
DA:677,0
DA:678,0
DA:679,0
DA:680,0
DA:681,0
DA:682,0
DA:683,0
DA:684,0
DA:685,0
DA:686,0
DA:687,0
DA:688,0
DA:689,0
DA:690,0
DA:691,0
DA:692,0
DA:693,0
DA:694,0
DA:695,0
DA:696,0
DA:697,0
DA:698,0
DA:699,0
DA:700,0
DA:701,0
DA:702,0
DA:703,0
DA:704,0
DA:705,0
DA:706,0
DA:707,0
DA:708,0
DA:709,10
DA:710,10
DA:711,10
DA:712,0
DA:713,0
DA:714,0
DA:715,0
DA:716,0
DA:717,10
DA:718,10
DA:719,10
DA:720,0
DA:721,0
DA:722,10
DA:723,10
DA:724,10
DA:725,1
DA:726,1
DA:727,1
DA:728,1
DA:729,1
DA:730,10
DA:731,10
DA:732,10
DA:733,10
DA:734,10
DA:735,10
DA:736,10
DA:737,10
DA:738,10
DA:739,10
DA:740,10
DA:741,10
DA:742,0
DA:743,0
DA:744,0
DA:745,0
DA:746,0
DA:747,0
DA:748,0
DA:749,0
DA:750,10
DA:751,10
DA:752,10
DA:753,0
DA:754,0
DA:755,10
DA:756,10
DA:757,10
DA:758,0
DA:759,0
DA:760,0
DA:761,0
DA:762,0
DA:763,0
DA:764,0
DA:765,10
DA:766,10
DA:767,10
DA:768,1
DA:769,1
DA:770,1
DA:771,1
DA:772,1
DA:773,1
DA:774,1
DA:775,1
DA:776,3
DA:777,3
DA:778,3
DA:779,3
DA:780,1
DA:781,1
DA:782,1
DA:783,1
DA:784,1
DA:785,1
DA:786,1
DA:787,1
DA:788,1
DA:789,1
DA:790,0
DA:791,0
DA:792,0
DA:793,0
DA:794,0
DA:795,1
DA:796,1
DA:797,0
DA:798,0
DA:799,0
DA:800,0
DA:801,0
DA:802,0
DA:803,0
DA:804,0
DA:805,0
DA:806,0
DA:807,0
DA:808,0
DA:809,0
DA:810,0
DA:811,0
DA:812,1
DA:813,1
DA:814,0
DA:815,0
DA:816,0
DA:817,0
DA:818,1
DA:819,1
DA:820,0
DA:821,0
DA:822,0
DA:823,0
DA:824,1
DA:825,1
DA:826,0
DA:827,0
DA:828,0
DA:829,1
DA:830,1
DA:831,0
DA:832,0
DA:833,0
DA:834,1
DA:835,1
DA:836,0
DA:837,0
DA:838,0
DA:839,0
DA:840,0
DA:841,0
DA:842,0
DA:843,0
DA:844,0
DA:845,0
DA:846,0
DA:847,0
DA:848,0
DA:849,0
DA:850,0
DA:851,0
DA:852,0
DA:853,0
DA:854,0
DA:855,0
DA:856,0
DA:857,0
DA:858,0
DA:859,0
DA:860,1
DA:861,1
DA:862,0
DA:863,0
DA:864,0
DA:865,1
DA:866,1
DA:867,0
DA:868,0
DA:869,0
DA:870,0
DA:871,0
DA:872,0
DA:873,1
DA:874,1
DA:875,0
DA:876,0
DA:877,0
DA:878,0
DA:879,0
DA:880,0
DA:881,0
DA:882,0
DA:883,0
DA:884,0
DA:885,0
DA:886,0
DA:887,1
DA:888,1
DA:889,0
DA:890,0
DA:891,0
DA:892,0
DA:893,0
DA:894,0
DA:895,0
DA:896,0
DA:897,1
DA:898,1
DA:899,0
DA:900,0
DA:901,0
DA:902,0
DA:903,0
DA:904,0
DA:905,0
DA:906,0
DA:907,1
DA:908,1
DA:909,0
DA:910,0
DA:911,0
DA:912,0
DA:913,0
DA:914,0
DA:915,0
DA:916,0
DA:917,0
DA:918,0
DA:919,0
DA:920,1
LF:920
LH:313
BRDA:21,0,0,10
BRDA:28,1,0,10
BRDA:30,2,0,0
BRDA:35,3,0,0
BRDA:39,4,0,0
BRDA:45,5,0,10
BRDA:58,6,0,10
BRDA:136,7,0,1
BRDA:138,8,0,0
BRDA:141,9,0,0
BRDA:142,10,0,0
BRDA:169,11,0,10
BRDA:237,12,0,2
BRDA:239,13,0,0
BRDA:243,14,0,0
BRDA:257,15,0,1
BRDA:261,16,0,0
BRDA:267,17,0,0
BRDA:289,18,0,10
BRDA:346,19,0,1
BRDA:350,20,0,0
BRDA:353,21,0,0
BRDA:356,22,0,0
BRDA:357,23,0,0
BRDA:361,24,0,0
BRDA:382,25,0,1
BRDA:385,26,0,0
BRDA:388,27,0,0
BRDA:409,28,0,10
BRDA:428,29,0,1
BRDA:430,30,0,0
BRDA:432,31,0,0
BRDA:435,32,0,0
BRDA:469,33,0,10
BRDA:535,34,0,1
BRDA:537,35,0,0
BRDA:539,36,0,0
BRDA:562,37,0,1
BRDA:564,38,0,0
BRDA:566,39,0,0
BRDA:594,40,0,10
BRDA:729,41,0,10
BRDA:739,42,0,1
BRDA:775,43,0,3
BRDA:776,44,0,1
BRDA:777,45,0,2
BRDA:777,46,0,1
BRDA:778,47,0,0
BRDA:781,48,0,1
BRDA:783,49,0,0
BRF:50
BRH:24
end_of_record
